<?xml version="1.0" encoding="UTF-8"?>
<testsuite xmlns:xsi="http://www.w3.org/2001/XMLSchema-instance" xsi:noNamespaceSchemaLocation="https://maven.apache.org/surefire/maven-surefire-plugin/xsd/surefire-test-report.xsd" name="TestSuite" time="667.567" tests="80" errors="0" skipped="0" failures="2">
  <properties>
[...]
</properties>
  <testcase name="addBackPackToCartTest" classname="saucedemotests.AddItemsToCart" time="1.265"/>
  <testcase name="addBikeLightToCartTest" classname="saucedemotests.AddItemsToCart" time="1.023"/>
  <testcase name="addBoltShirtToCartTest" classname="saucedemotests.AddItemsToCart" time="1.089"/>
  <testcase name="addFleeceJacketToCartTest" classname="saucedemotests.AddItemsToCart" time="0.95"/>
  <testcase name="addMultipleItemsToCartTest" classname="saucedemotests.AddItemsToCart" time="1.762"/>
  <testcase name="addOnesieToCartTest" classname="saucedemotests.AddItemsToCart" time="1.005"/>
  <testcase name="addRedShirtToCartTest" classname="saucedemotests.AddItemsToCart" time="1.299"/>
  <testcase name="mulipleItemsCheckOutTest" classname="saucedemotests.CheckOut" time="2.153"/>
  <testcase name="singleItemCheckOutTest" classname="saucedemotests.CheckOut" time="2.313"/>
  <testcase name="clickTryItFreeTest" classname="saucedemotests.HyperLink" time="11.481"/>
  <testcase name="dragDownAtoZTest" classname="saucedemotests.DropDown" time="1.087"/>
  <testcase name="dragDownHightoLowTest" classname="saucedemotests.DropDown" time="1.029"/>
  <testcase name="dragDownLowtoHighTest" classname="saucedemotests.DropDown" time="1.09"/>
  <testcase name="dragDownZtoATest" classname="saucedemotests.DropDown" time="1.136"/>
  <testcase name="hoverOverCompanyTest" classname="saucedemotests.HoverOver" time="8.808"/>
  <testcase name="hoverOverCrossBrowserTestingAndClickTest" classname="saucedemotests.HoverOver" time="11.154"/>
  <testcase name="hoverOverLowCodeTestingAndClickTest" classname="saucedemotests.HoverOver" time="11.166"/>
  <testcase name="hoverOverMobileTestingTest" classname="saucedemotests.HoverOver" time="11.5"/>
  <testcase name="hoverOverPlatformTest" classname="saucedemotests.HoverOver" time="9.371"/>
  <testcase name="hoverOverPricingTest" classname="saucedemotests.HoverOver" time="11.459"/>
  <testcase name="hoverOverResourcesTest" classname="saucedemotests.HoverOver" time="8.07"/>
  <testcase name="hoverOverSolutionsTest" classname="saucedemotests.HoverOver" time="7.353"/>
  <testcase name="facebookIconTest" classname="saucedemotests.Icons" time="6.03"/>
  <testcase name="linkedInIconTest" classname="saucedemotests.Icons" time="6.207"/>
  <testcase name="twitterIconTest" classname="saucedemotests.Icons" time="6.152"/>
  <testcase name="invalidLoginWithPerformanceGlitchUserTest" classname="saucedemotests.Login" time="0.84"/>
  <testcase name="invalidLoginWithProblemUserTest" classname="saucedemotests.Login" time="0.685"/>
  <testcase name="invalidLoginWithStandardUserTest" classname="saucedemotests.Login" time="0.713"/>
  <testcase name="lockedOutUserLoginTest" classname="saucedemotests.Login" time="0.832"/>
  <testcase name="performanceGlitchUserLoginTest" classname="saucedemotests.Login" time="6.293"/>
  <testcase name="problemUserLoginTest" classname="saucedemotests.Login" time="0.895"/>
  <testcase name="standardUserLoginTest" classname="saucedemotests.Login" time="1.063"/>
  <testcase name="validateLoginButtonTest" classname="saucedemotests.Login" time="0.127"/>
  <testcase name="validateLoginButtonWithNoCredentialsTest" classname="saucedemotests.Login" time="0.329"/>
  <testcase name="menuBarAboutTest" classname="saucedemotests.MenuBar" time="3.758"/>
  <testcase name="menuBarAllItemsTest" classname="saucedemotests.MenuBar" time="1.816"/>
  <testcase name="menuBarLogoutTest" classname="saucedemotests.MenuBar" time="1.606"/>
  <testcase name="resetAddToCartTest" classname="saucedemotests.ResetAddToCart" time="12.371"/>
  <testcase name="resetMultipleItemsAddToCartTest" classname="saucedemotests.ResetAddToCart" time="12.525"/>
  <testcase name="searchAndRedirectBackToHomeTest" classname="saucedemotests.SearchBar" time="35.367">
    <failure message="element not interactable&#10;  (Session info: chrome=102.0.5005.115)&#10;Build info: version: &apos;4.1.4&apos;, revision: &apos;535d840ee2&apos;&#10;System info: host: &apos;DESKTOP-DNJOJAA&apos;, ip: &apos;10.11.64.24&apos;, os.name: &apos;Windows 11&apos;, os.arch: &apos;amd64&apos;, os.version: &apos;10.0&apos;, java.version: &apos;11.0.15.1&apos;&#10;Driver info: org.openqa.selenium.chrome.ChromeDriver&#10;Command: [8cd599cb724e260b8ae4b8839ce9994d, sendKeysToElement {id=9b590f6e-affe-461c-ad9d-d9d96a3c0faa, value=[Ljava.lang.CharSequence;@44cab872}]&#10;Capabilities {acceptInsecureCerts: false, browserName: chrome, browserVersion: 102.0.5005.115, chrome: {chromedriverVersion: 102.0.5005.61 (0e59bcc00cc4..., userDataDir: C:\Users\EvilT\AppData\Loca...}, goog:chromeOptions: {debuggerAddress: localhost:54234}, javascriptEnabled: true, networkConnectionEnabled: false, pageLoadStrategy: normal, platform: WINDOWS, platformName: WINDOWS, proxy: Proxy(), se:cdp: ws://localhost:54234/devtoo..., se:cdpVersion: 102.0.5005.115, setWindowRect: true, strictFileInteractability: false, timeouts: {implicit: 0, pageLoad: 300000, script: 30000}, unhandledPromptBehavior: dismiss and notify, webauthn:extension:credBlob: true, webauthn:extension:largeBlob: true, webauthn:virtualAuthenticators: true}&#10;Element: [[ChromeDriver: chrome on WINDOWS (8cd599cb724e260b8ae4b8839ce9994d)] -&gt; xpath: //header/div[1]/nav[1]/ul[1]/li[3]/ul[1]/li[4]/form[1]/div[1]/input[1]]&#10;Session ID: 8cd599cb724e260b8ae4b8839ce9994d" type="org.openqa.selenium.ElementNotInteractableException">org.openqa.selenium.ElementNotInteractableException: 
element not interactable
  (Session info: chrome=102.0.5005.115)
Build info: version: '4.1.4', revision: '535d840ee2'
System info: host: 'DESKTOP-DNJOJAA', ip: '10.11.64.24', os.name: 'Windows 11', os.arch: 'amd64', os.version: '10.0', java.version: '11.0.15.1'
Driver info: org.openqa.selenium.chrome.ChromeDriver
Command: [8cd599cb724e260b8ae4b8839ce9994d, sendKeysToElement {id=9b590f6e-affe-461c-ad9d-d9d96a3c0faa, value=[Ljava.lang.CharSequence;@44cab872}]
Capabilities {acceptInsecureCerts: false, browserName: chrome, browserVersion: 102.0.5005.115, chrome: {chromedriverVersion: 102.0.5005.61 (0e59bcc00cc4..., userDataDir: C:\Users\EvilT\AppData\Loca...}, goog:chromeOptions: {debuggerAddress: localhost:54234}, javascriptEnabled: true, networkConnectionEnabled: false, pageLoadStrategy: normal, platform: WINDOWS, platformName: WINDOWS, proxy: Proxy(), se:cdp: ws://localhost:54234/devtoo..., se:cdpVersion: 102.0.5005.115, setWindowRect: true, strictFileInteractability: false, timeouts: {implicit: 0, pageLoad: 300000, script: 30000}, unhandledPromptBehavior: dismiss and notify, webauthn:extension:credBlob: true, webauthn:extension:largeBlob: true, webauthn:virtualAuthenticators: true}
Element: [[ChromeDriver: chrome on WINDOWS (8cd599cb724e260b8ae4b8839ce9994d)] -> xpath: //header/div[1]/nav[1]/ul[1]/li[3]/ul[1]/li[4]/form[1]/div[1]/input[1]]
Session ID: 8cd599cb724e260b8ae4b8839ce9994d
	at saucedemotests.SearchBar.searchAndRedirectBackToHomeTest(SearchBar.java:90)
</failure>
    <system-out><![CDATA[12:14:39.266 [main] INFO  saucedemotests.SearchBar - UserName entered
12:14:39.538 [main] INFO  saucedemotests.SearchBar - Password entered
12:14:44.862 [main] INFO  saucedemotests.SearchBar - Login successful
12:14:45.108 [main] INFO  saucedemotests.SearchBar - Menu Bar click successful
12:14:47.001 [main] INFO  saucedemotests.SearchBar - About Side Bar click successful
12:14:47.088 [main] INFO  saucedemotests.SearchBar - Redirected to https://saucelabs.com/
12:14:48.629 [main] INFO  saucedemotests.SearchBar - Search button click successful
]]></system-out>
    <system-err><![CDATA[Starting ChromeDriver 102.0.5005.61 (0e59bcc00cc4985ce39ad31c150065f159d95ad3-refs/branch-heads/5005@{#819}) on port 52179
Only local connections are allowed.
Please see https://chromedriver.chromium.org/security-considerations for suggestions on keeping ChromeDriver safe.
ChromeDriver was started successfully.
Jun 18, 2022 12:14:37 PM org.openqa.selenium.remote.ProtocolHandshake createSession
INFO: Detected dialect: W3C
Jun 18, 2022 12:14:37 PM org.openqa.selenium.devtools.CdpVersionFinder findNearestMatch
WARNING: Unable to find an exact match for CDP version 102, so returning the closest version found: 101
Jun 18, 2022 12:14:37 PM org.openqa.selenium.devtools.CdpVersionFinder findNearestMatch
INFO: Found CDP implementation for version 102 of 101
]]></system-err>
  </testcase>
  <testcase name="searchDogsTest" classname="saucedemotests.SearchBar" time="35.487">
    <failure message="element not interactable&#10;  (Session info: chrome=102.0.5005.115)&#10;Build info: version: &apos;4.1.4&apos;, revision: &apos;535d840ee2&apos;&#10;System info: host: &apos;DESKTOP-DNJOJAA&apos;, ip: &apos;10.11.64.24&apos;, os.name: &apos;Windows 11&apos;, os.arch: &apos;amd64&apos;, os.version: &apos;10.0&apos;, java.version: &apos;11.0.15.1&apos;&#10;Driver info: org.openqa.selenium.chrome.ChromeDriver&#10;Command: [3942f52e81b05bcc8b088086ede2ea28, sendKeysToElement {id=6309412b-9c7f-4428-ac7b-3f0140dbee61, value=[Ljava.lang.CharSequence;@7325b786}]&#10;Capabilities {acceptInsecureCerts: false, browserName: chrome, browserVersion: 102.0.5005.115, chrome: {chromedriverVersion: 102.0.5005.61 (0e59bcc00cc4..., userDataDir: C:\Users\EvilT\AppData\Loca...}, goog:chromeOptions: {debuggerAddress: localhost:54436}, javascriptEnabled: true, networkConnectionEnabled: false, pageLoadStrategy: normal, platform: WINDOWS, platformName: WINDOWS, proxy: Proxy(), se:cdp: ws://localhost:54436/devtoo..., se:cdpVersion: 102.0.5005.115, setWindowRect: true, strictFileInteractability: false, timeouts: {implicit: 0, pageLoad: 300000, script: 30000}, unhandledPromptBehavior: dismiss and notify, webauthn:extension:credBlob: true, webauthn:extension:largeBlob: true, webauthn:virtualAuthenticators: true}&#10;Element: [[ChromeDriver: chrome on WINDOWS (3942f52e81b05bcc8b088086ede2ea28)] -&gt; xpath: //header/div[1]/nav[1]/ul[1]/li[3]/ul[1]/li[4]/form[1]/div[1]/input[1]]&#10;Session ID: 3942f52e81b05bcc8b088086ede2ea28" type="org.openqa.selenium.ElementNotInteractableException">org.openqa.selenium.ElementNotInteractableException: 
element not interactable
  (Session info: chrome=102.0.5005.115)
Build info: version: '4.1.4', revision: '535d840ee2'
System info: host: 'DESKTOP-DNJOJAA', ip: '10.11.64.24', os.name: 'Windows 11', os.arch: 'amd64', os.version: '10.0', java.version: '11.0.15.1'
Driver info: org.openqa.selenium.chrome.ChromeDriver
Command: [3942f52e81b05bcc8b088086ede2ea28, sendKeysToElement {id=6309412b-9c7f-4428-ac7b-3f0140dbee61, value=[Ljava.lang.CharSequence;@7325b786}]
Capabilities {acceptInsecureCerts: false, browserName: chrome, browserVersion: 102.0.5005.115, chrome: {chromedriverVersion: 102.0.5005.61 (0e59bcc00cc4..., userDataDir: C:\Users\EvilT\AppData\Loca...}, goog:chromeOptions: {debuggerAddress: localhost:54436}, javascriptEnabled: true, networkConnectionEnabled: false, pageLoadStrategy: normal, platform: WINDOWS, platformName: WINDOWS, proxy: Proxy(), se:cdp: ws://localhost:54436/devtoo..., se:cdpVersion: 102.0.5005.115, setWindowRect: true, strictFileInteractability: false, timeouts: {implicit: 0, pageLoad: 300000, script: 30000}, unhandledPromptBehavior: dismiss and notify, webauthn:extension:credBlob: true, webauthn:extension:largeBlob: true, webauthn:virtualAuthenticators: true}
Element: [[ChromeDriver: chrome on WINDOWS (3942f52e81b05bcc8b088086ede2ea28)] -> xpath: //header/div[1]/nav[1]/ul[1]/li[3]/ul[1]/li[4]/form[1]/div[1]/input[1]]
Session ID: 3942f52e81b05bcc8b088086ede2ea28
	at saucedemotests.SearchBar.searchDogsTest(SearchBar.java:36)
</failure>
    <system-out><![CDATA[12:15:20.167 [main] INFO  saucedemotests.SearchBar - UserName entered
12:15:20.454 [main] INFO  saucedemotests.SearchBar - Password entered
12:15:25.786 [main] INFO  saucedemotests.SearchBar - Login successful
12:15:25.934 [main] INFO  saucedemotests.SearchBar - Menu Bar click successful
12:15:27.903 [main] INFO  saucedemotests.SearchBar - About Side Bar click successful
12:15:28.005 [main] INFO  saucedemotests.SearchBar - Redirected to https://saucelabs.com/
12:15:29.569 [main] INFO  saucedemotests.SearchBar - Search button click successful
]]></system-out>
    <system-err><![CDATA[Starting ChromeDriver 102.0.5005.61 (0e59bcc00cc4985ce39ad31c150065f159d95ad3-refs/branch-heads/5005@{#819}) on port 65178
Only local connections are allowed.
Please see https://chromedriver.chromium.org/security-considerations for suggestions on keeping ChromeDriver safe.
ChromeDriver was started successfully.
Jun 18, 2022 12:15:18 PM org.openqa.selenium.remote.ProtocolHandshake createSession
INFO: Detected dialect: W3C
Jun 18, 2022 12:15:18 PM org.openqa.selenium.devtools.CdpVersionFinder findNearestMatch
WARNING: Unable to find an exact match for CDP version 102, so returning the closest version found: 101
Jun 18, 2022 12:15:18 PM org.openqa.selenium.devtools.CdpVersionFinder findNearestMatch
INFO: Found CDP implementation for version 102 of 101
]]></system-err>
  </testcase>
  <testcase name="CustomerDropDownOptionsVisibilityTest" classname="globalsqatests.CustomerDropDown" time="0.685"/>
  <testcase name="deleteCustomerTest" classname="globalsqatests.DeleteButton" time="0.904"/>
  <testcase name="resetButtonTest" classname="globalsqatests.ResetButton" time="1.768"/>
  <testcase name="harryPotterBackButtonTest" classname="globalsqatests.BackButton" time="1.488"/>
  <testcase name="hermoineGrangerBackButtonTest" classname="globalsqatests.BackButton" time="1.696"/>
  <testcase name="nevilleLongbottomBackButtonTest" classname="globalsqatests.BackButton" time="1.482"/>
  <testcase name="ronWeaslyButtonTest" classname="globalsqatests.BackButton" time="1.672"/>
  <testcase name="selectAccountNumberTest" classname="globalsqatests.AccountNumberDropDown" time="1.275"/>
  <testcase name="selectMultipleAccountNumbersTest" classname="globalsqatests.AccountNumberDropDown" time="1.795"/>
  <testcase name="transactionsButton" classname="globalsqatests.TransactionsButton" time="1.543"/>
  <testcase name="searchHarryPotterTest" classname="globalsqatests.SearchCustomer" time="1.311"/>
  <testcase name="searchHermoineGrangerTest" classname="globalsqatests.SearchCustomer" time="1.053"/>
  <testcase name="searchNevilleLongbottomTest" classname="globalsqatests.SearchCustomer" time="1.015"/>
  <testcase name="addCustomerFaieqLaskarTest" classname="globalsqatests.AddCustomer" time="1.553"/>
  <testcase name="addCustomerJohnDoeTest" classname="globalsqatests.AddCustomer" time="1.498"/>
  <testcase name="addCustomerPollakRahmanTest" classname="globalsqatests.AddCustomer" time="1.555"/>
  <testcase name="addMultipleCustomerTest" classname="globalsqatests.AddCustomer" time="1.855"/>
  <testcase name="withdrawFunctionTest" classname="globalsqatests.Withdraw" time="1.622"/>
  <testcase name="withdrawNegativeTest" classname="globalsqatests.Withdraw" time="1.711"/>
  <testcase name="depositAmount1000Test" classname="globalsqatests.Deposit" time="1.632"/>
  <testcase name="depositAmount30000Test" classname="globalsqatests.Deposit" time="1.579"/>
  <testcase name="depositAmount5Test" classname="globalsqatests.Deposit" time="1.676"/>
  <testcase name="depositFunctionTest" classname="globalsqatests.Deposit" time="1.488"/>
  <testcase name="openDollarAccountTest" classname="globalsqatests.OpenAccount" time="1.245"/>
  <testcase name="openPoundAccountTest" classname="globalsqatests.OpenAccount" time="1.28"/>
  <testcase name="openRupeeAccountTest" classname="globalsqatests.OpenAccount" time="1.249"/>
  <testcase name="albusDumbledoreLoginTest" classname="globalsqatests.UserLogin" time="0.974"/>
  <testcase name="harryPotterLoginTest" classname="globalsqatests.UserLogin" time="1.147"/>
  <testcase name="hermoineGrangerLoginTest" classname="globalsqatests.UserLogin" time="1.053"/>
  <testcase name="ronWeaslyLoginTest" classname="globalsqatests.UserLogin" time="1.082"/>
  <testcase name="albusDumbledoreLogoutTest" classname="globalsqatests.Logout" time="7.116"/>
  <testcase name="harryPotterLogoutTest" classname="globalsqatests.Logout" time="6.981"/>
  <testcase name="hermoineGrangerLogoutTest" classname="globalsqatests.Logout" time="6.905"/>
  <testcase name="nevilleLongbottomLogoutTest" classname="globalsqatests.Logout" time="6.937"/>
  <testcase name="ronWeaslyLogoutTest" classname="globalsqatests.Logout" time="7.154"/>
  <testcase name="bankManagerHomeButtonTest" classname="globalsqatests.HomeButton" time="0.861"/>
  <testcase name="customerHomeButtonTest" classname="globalsqatests.HomeButton" time="1.066"/>
  <testcase name="customerLoginButtonTest" classname="globalsqatests.CustomerLoginButton" time="3.326"/>
  <testcase name="bankManagerLoginButtonTest" classname="globalsqatests.BankManagerLoginButton" time="3.357"/>
</testsuite>