<?xml version="1.0" encoding="UTF-8"?>
<testng-results ignored="48" total="128" passed="78" failed="2" skipped="0">
  <reporter-output>
    <line>
      <![CDATA[Extent Report Directory C:\Users\EvilT\IdeaProjects\FinalFrameworkProject\web-automation-framework-crip\target\surefire-reports\CRIP Automation Script\html]]>
    </line>
  </reporter-output>
  <suite started-at="2022-06-18T16:09:02Z" name="CRIP Automation Script" finished-at="2022-06-18T16:20:06Z" duration-ms="664416">
    <groups>
    </groups>
    <test started-at="2022-06-18T16:09:02Z" name="com.SauceDemo Tests" finished-at="2022-06-18T16:15:56Z" duration-ms="414532">
      <class name="saucedemotests.HyperLink">
        <test-method is-config="true" signature="setUp(boolean, java.lang.String, java.lang.String, java.lang.String, java.lang.String, java.lang.String, java.lang.String)[pri:0, instance:saucedemotests.HyperLink@7d7758be]" started-at="2022-06-18T16:09:54Z" name="setUp" finished-at="2022-06-18T16:09:56Z" duration-ms="2678" status="PASS">
          <params>
            <param index="0">
              <value>
                <![CDATA[false]]>
              </value>
            </param>
            <param index="1">
              <value>
                <![CDATA[browserstack]]>
              </value>
            </param>
            <param index="2">
              <value>
                <![CDATA[windows]]>
              </value>
            </param>
            <param index="3">
              <value>
                <![CDATA[11]]>
              </value>
            </param>
            <param index="4">
              <value>
                <![CDATA[chrome]]>
              </value>
            </param>
            <param index="5">
              <value>
                <![CDATA[102]]>
              </value>
            </param>
            <param index="6">
              <value>
                <![CDATA[http://saucedemo.com/]]>
              </value>
            </param>
          </params>
          <reporter-output>
          </reporter-output>
        </test-method> <!-- setUp -->
        <test-method is-config="true" signature="startExtent(java.lang.reflect.Method)[pri:0, instance:saucedemotests.HyperLink@7d7758be]" started-at="2022-06-18T16:09:56Z" name="startExtent" finished-at="2022-06-18T16:09:56Z" duration-ms="0" status="PASS">
          <params>
            <param index="0">
              <value>
                <![CDATA[public void saucedemotests.HyperLink.clickTryItFreeTest()]]>
              </value>
            </param>
          </params>
          <reporter-output>
          </reporter-output>
        </test-method> <!-- startExtent -->
        <test-method signature="clickTryItFreeTest()[pri:0, instance:saucedemotests.HyperLink@7d7758be]" started-at="2022-06-18T16:09:56Z" name="clickTryItFreeTest" finished-at="2022-06-18T16:10:08Z" duration-ms="11480" status="PASS">
          <reporter-output>
          </reporter-output>
        </test-method> <!-- clickTryItFreeTest -->
        <test-method is-config="true" signature="afterEachTestMethod(org.testng.ITestResult)[pri:0, instance:saucedemotests.HyperLink@7d7758be]" started-at="2022-06-18T16:10:08Z" name="afterEachTestMethod" finished-at="2022-06-18T16:10:09Z" duration-ms="1229" status="PASS">
          <params>
            <param index="0">
              <value>
                <![CDATA[[TestResult name=clickTryItFreeTest status=SUCCESS method=HyperLink.clickTryItFreeTest()[pri:0, instance:saucedemotests.HyperLink@7d7758be] output={null}]]]>
              </value>
            </param>
          </params>
          <reporter-output>
          </reporter-output>
        </test-method> <!-- afterEachTestMethod -->
        <test-method is-config="true" signature="tearDown()[pri:0, instance:saucedemotests.HyperLink@7d7758be]" started-at="2022-06-18T16:10:09Z" name="tearDown" finished-at="2022-06-18T16:10:09Z" duration-ms="0" status="PASS">
          <reporter-output>
          </reporter-output>
        </test-method> <!-- tearDown -->
      </class> <!-- saucedemotests.HyperLink -->
      <class name="saucedemotests.Login">
        <test-method is-config="true" signature="setUp(boolean, java.lang.String, java.lang.String, java.lang.String, java.lang.String, java.lang.String, java.lang.String)[pri:0, instance:saucedemotests.Login@2f01783a]" started-at="2022-06-18T16:12:51Z" name="setUp" finished-at="2022-06-18T16:12:54Z" duration-ms="3344" status="PASS">
          <params>
            <param index="0">
              <value>
                <![CDATA[false]]>
              </value>
            </param>
            <param index="1">
              <value>
                <![CDATA[browserstack]]>
              </value>
            </param>
            <param index="2">
              <value>
                <![CDATA[windows]]>
              </value>
            </param>
            <param index="3">
              <value>
                <![CDATA[11]]>
              </value>
            </param>
            <param index="4">
              <value>
                <![CDATA[chrome]]>
              </value>
            </param>
            <param index="5">
              <value>
                <![CDATA[102]]>
              </value>
            </param>
            <param index="6">
              <value>
                <![CDATA[http://saucedemo.com/]]>
              </value>
            </param>
          </params>
          <reporter-output>
          </reporter-output>
        </test-method> <!-- setUp -->
        <test-method is-config="true" signature="startExtent(java.lang.reflect.Method)[pri:0, instance:saucedemotests.Login@2f01783a]" started-at="2022-06-18T16:12:54Z" name="startExtent" finished-at="2022-06-18T16:12:54Z" duration-ms="1" status="PASS">
          <params>
            <param index="0">
              <value>
                <![CDATA[public void saucedemotests.Login.invalidLoginWithPerformanceGlitchUserTest()]]>
              </value>
            </param>
          </params>
          <reporter-output>
          </reporter-output>
        </test-method> <!-- startExtent -->
        <test-method signature="invalidLoginWithPerformanceGlitchUserTest()[pri:0, instance:saucedemotests.Login@2f01783a]" started-at="2022-06-18T16:12:54Z" name="invalidLoginWithPerformanceGlitchUserTest" finished-at="2022-06-18T16:12:55Z" duration-ms="841" status="PASS">
          <reporter-output>
          </reporter-output>
        </test-method> <!-- invalidLoginWithPerformanceGlitchUserTest -->
        <test-method is-config="true" signature="afterEachTestMethod(org.testng.ITestResult)[pri:0, instance:saucedemotests.Login@2f01783a]" started-at="2022-06-18T16:12:55Z" name="afterEachTestMethod" finished-at="2022-06-18T16:12:56Z" duration-ms="1034" status="PASS">
          <params>
            <param index="0">
              <value>
                <![CDATA[[TestResult name=invalidLoginWithPerformanceGlitchUserTest status=SUCCESS method=Login.invalidLoginWithPerformanceGlitchUserTest()[pri:0, instance:saucedemotests.Login@2f01783a] output={null}]]]>
              </value>
            </param>
          </params>
          <reporter-output>
          </reporter-output>
        </test-method> <!-- afterEachTestMethod -->
        <test-method is-config="true" signature="setUp(boolean, java.lang.String, java.lang.String, java.lang.String, java.lang.String, java.lang.String, java.lang.String)[pri:0, instance:saucedemotests.Login@2f01783a]" started-at="2022-06-18T16:12:56Z" name="setUp" finished-at="2022-06-18T16:12:59Z" duration-ms="2826" status="PASS">
          <params>
            <param index="0">
              <value>
                <![CDATA[false]]>
              </value>
            </param>
            <param index="1">
              <value>
                <![CDATA[browserstack]]>
              </value>
            </param>
            <param index="2">
              <value>
                <![CDATA[windows]]>
              </value>
            </param>
            <param index="3">
              <value>
                <![CDATA[11]]>
              </value>
            </param>
            <param index="4">
              <value>
                <![CDATA[chrome]]>
              </value>
            </param>
            <param index="5">
              <value>
                <![CDATA[102]]>
              </value>
            </param>
            <param index="6">
              <value>
                <![CDATA[http://saucedemo.com/]]>
              </value>
            </param>
          </params>
          <reporter-output>
          </reporter-output>
        </test-method> <!-- setUp -->
        <test-method is-config="true" signature="tearDown()[pri:0, instance:saucedemotests.Login@2f01783a]" started-at="2022-06-18T16:12:56Z" name="tearDown" finished-at="2022-06-18T16:12:56Z" duration-ms="0" status="PASS">
          <reporter-output>
          </reporter-output>
        </test-method> <!-- tearDown -->
        <test-method is-config="true" signature="startExtent(java.lang.reflect.Method)[pri:0, instance:saucedemotests.Login@2f01783a]" started-at="2022-06-18T16:12:59Z" name="startExtent" finished-at="2022-06-18T16:12:59Z" duration-ms="0" status="PASS">
          <params>
            <param index="0">
              <value>
                <![CDATA[public void saucedemotests.Login.invalidLoginWithProblemUserTest()]]>
              </value>
            </param>
          </params>
          <reporter-output>
          </reporter-output>
        </test-method> <!-- startExtent -->
        <test-method signature="invalidLoginWithProblemUserTest()[pri:0, instance:saucedemotests.Login@2f01783a]" started-at="2022-06-18T16:12:59Z" name="invalidLoginWithProblemUserTest" finished-at="2022-06-18T16:12:59Z" duration-ms="686" status="PASS">
          <reporter-output>
          </reporter-output>
        </test-method> <!-- invalidLoginWithProblemUserTest -->
        <test-method is-config="true" signature="afterEachTestMethod(org.testng.ITestResult)[pri:0, instance:saucedemotests.Login@2f01783a]" started-at="2022-06-18T16:12:59Z" name="afterEachTestMethod" finished-at="2022-06-18T16:13:01Z" duration-ms="1089" status="PASS">
          <params>
            <param index="0">
              <value>
                <![CDATA[[TestResult name=invalidLoginWithProblemUserTest status=SUCCESS method=Login.invalidLoginWithProblemUserTest()[pri:0, instance:saucedemotests.Login@2f01783a] output={null}]]]>
              </value>
            </param>
          </params>
          <reporter-output>
          </reporter-output>
        </test-method> <!-- afterEachTestMethod -->
        <test-method is-config="true" signature="tearDown()[pri:0, instance:saucedemotests.Login@2f01783a]" started-at="2022-06-18T16:13:01Z" name="tearDown" finished-at="2022-06-18T16:13:01Z" duration-ms="0" status="PASS">
          <reporter-output>
          </reporter-output>
        </test-method> <!-- tearDown -->
        <test-method is-config="true" signature="setUp(boolean, java.lang.String, java.lang.String, java.lang.String, java.lang.String, java.lang.String, java.lang.String)[pri:0, instance:saucedemotests.Login@2f01783a]" started-at="2022-06-18T16:13:01Z" name="setUp" finished-at="2022-06-18T16:13:03Z" duration-ms="2770" status="PASS">
          <params>
            <param index="0">
              <value>
                <![CDATA[false]]>
              </value>
            </param>
            <param index="1">
              <value>
                <![CDATA[browserstack]]>
              </value>
            </param>
            <param index="2">
              <value>
                <![CDATA[windows]]>
              </value>
            </param>
            <param index="3">
              <value>
                <![CDATA[11]]>
              </value>
            </param>
            <param index="4">
              <value>
                <![CDATA[chrome]]>
              </value>
            </param>
            <param index="5">
              <value>
                <![CDATA[102]]>
              </value>
            </param>
            <param index="6">
              <value>
                <![CDATA[http://saucedemo.com/]]>
              </value>
            </param>
          </params>
          <reporter-output>
          </reporter-output>
        </test-method> <!-- setUp -->
        <test-method is-config="true" signature="startExtent(java.lang.reflect.Method)[pri:0, instance:saucedemotests.Login@2f01783a]" started-at="2022-06-18T16:13:03Z" name="startExtent" finished-at="2022-06-18T16:13:03Z" duration-ms="2" status="PASS">
          <params>
            <param index="0">
              <value>
                <![CDATA[public void saucedemotests.Login.invalidLoginWithStandardUserTest()]]>
              </value>
            </param>
          </params>
          <reporter-output>
          </reporter-output>
        </test-method> <!-- startExtent -->
        <test-method signature="invalidLoginWithStandardUserTest()[pri:0, instance:saucedemotests.Login@2f01783a]" started-at="2022-06-18T16:13:03Z" name="invalidLoginWithStandardUserTest" finished-at="2022-06-18T16:13:04Z" duration-ms="712" status="PASS">
          <reporter-output>
          </reporter-output>
        </test-method> <!-- invalidLoginWithStandardUserTest -->
        <test-method is-config="true" signature="afterEachTestMethod(org.testng.ITestResult)[pri:0, instance:saucedemotests.Login@2f01783a]" started-at="2022-06-18T16:13:04Z" name="afterEachTestMethod" finished-at="2022-06-18T16:13:05Z" duration-ms="1070" status="PASS">
          <params>
            <param index="0">
              <value>
                <![CDATA[[TestResult name=invalidLoginWithStandardUserTest status=SUCCESS method=Login.invalidLoginWithStandardUserTest()[pri:0, instance:saucedemotests.Login@2f01783a] output={null}]]]>
              </value>
            </param>
          </params>
          <reporter-output>
          </reporter-output>
        </test-method> <!-- afterEachTestMethod -->
        <test-method is-config="true" signature="tearDown()[pri:0, instance:saucedemotests.Login@2f01783a]" started-at="2022-06-18T16:13:05Z" name="tearDown" finished-at="2022-06-18T16:13:05Z" duration-ms="0" status="PASS">
          <reporter-output>
          </reporter-output>
        </test-method> <!-- tearDown -->
        <test-method is-config="true" signature="setUp(boolean, java.lang.String, java.lang.String, java.lang.String, java.lang.String, java.lang.String, java.lang.String)[pri:0, instance:saucedemotests.Login@2f01783a]" started-at="2022-06-18T16:13:05Z" name="setUp" finished-at="2022-06-18T16:13:08Z" duration-ms="2605" status="PASS">
          <params>
            <param index="0">
              <value>
                <![CDATA[false]]>
              </value>
            </param>
            <param index="1">
              <value>
                <![CDATA[browserstack]]>
              </value>
            </param>
            <param index="2">
              <value>
                <![CDATA[windows]]>
              </value>
            </param>
            <param index="3">
              <value>
                <![CDATA[11]]>
              </value>
            </param>
            <param index="4">
              <value>
                <![CDATA[chrome]]>
              </value>
            </param>
            <param index="5">
              <value>
                <![CDATA[102]]>
              </value>
            </param>
            <param index="6">
              <value>
                <![CDATA[http://saucedemo.com/]]>
              </value>
            </param>
          </params>
          <reporter-output>
          </reporter-output>
        </test-method> <!-- setUp -->
        <test-method is-config="true" signature="startExtent(java.lang.reflect.Method)[pri:0, instance:saucedemotests.Login@2f01783a]" started-at="2022-06-18T16:13:08Z" name="startExtent" finished-at="2022-06-18T16:13:08Z" duration-ms="1" status="PASS">
          <params>
            <param index="0">
              <value>
                <![CDATA[public void saucedemotests.Login.lockedOutUserLoginTest()]]>
              </value>
            </param>
          </params>
          <reporter-output>
          </reporter-output>
        </test-method> <!-- startExtent -->
        <test-method signature="lockedOutUserLoginTest()[pri:0, instance:saucedemotests.Login@2f01783a]" started-at="2022-06-18T16:13:08Z" name="lockedOutUserLoginTest" finished-at="2022-06-18T16:13:09Z" duration-ms="832" status="PASS">
          <reporter-output>
          </reporter-output>
        </test-method> <!-- lockedOutUserLoginTest -->
        <test-method is-config="true" signature="afterEachTestMethod(org.testng.ITestResult)[pri:0, instance:saucedemotests.Login@2f01783a]" started-at="2022-06-18T16:13:09Z" name="afterEachTestMethod" finished-at="2022-06-18T16:13:10Z" duration-ms="1358" status="PASS">
          <params>
            <param index="0">
              <value>
                <![CDATA[[TestResult name=lockedOutUserLoginTest status=SUCCESS method=Login.lockedOutUserLoginTest()[pri:0, instance:saucedemotests.Login@2f01783a] output={null}]]]>
              </value>
            </param>
          </params>
          <reporter-output>
          </reporter-output>
        </test-method> <!-- afterEachTestMethod -->
        <test-method is-config="true" signature="tearDown()[pri:0, instance:saucedemotests.Login@2f01783a]" started-at="2022-06-18T16:13:10Z" name="tearDown" finished-at="2022-06-18T16:13:10Z" duration-ms="0" status="PASS">
          <reporter-output>
          </reporter-output>
        </test-method> <!-- tearDown -->
        <test-method is-config="true" signature="setUp(boolean, java.lang.String, java.lang.String, java.lang.String, java.lang.String, java.lang.String, java.lang.String)[pri:0, instance:saucedemotests.Login@2f01783a]" started-at="2022-06-18T16:13:10Z" name="setUp" finished-at="2022-06-18T16:13:13Z" duration-ms="2965" status="PASS">
          <params>
            <param index="0">
              <value>
                <![CDATA[false]]>
              </value>
            </param>
            <param index="1">
              <value>
                <![CDATA[browserstack]]>
              </value>
            </param>
            <param index="2">
              <value>
                <![CDATA[windows]]>
              </value>
            </param>
            <param index="3">
              <value>
                <![CDATA[11]]>
              </value>
            </param>
            <param index="4">
              <value>
                <![CDATA[chrome]]>
              </value>
            </param>
            <param index="5">
              <value>
                <![CDATA[102]]>
              </value>
            </param>
            <param index="6">
              <value>
                <![CDATA[http://saucedemo.com/]]>
              </value>
            </param>
          </params>
          <reporter-output>
          </reporter-output>
        </test-method> <!-- setUp -->
        <test-method is-config="true" signature="startExtent(java.lang.reflect.Method)[pri:0, instance:saucedemotests.Login@2f01783a]" started-at="2022-06-18T16:13:13Z" name="startExtent" finished-at="2022-06-18T16:13:13Z" duration-ms="1" status="PASS">
          <params>
            <param index="0">
              <value>
                <![CDATA[public void saucedemotests.Login.performanceGlitchUserLoginTest()]]>
              </value>
            </param>
          </params>
          <reporter-output>
          </reporter-output>
        </test-method> <!-- startExtent -->
        <test-method signature="performanceGlitchUserLoginTest()[pri:0, instance:saucedemotests.Login@2f01783a]" started-at="2022-06-18T16:13:13Z" name="performanceGlitchUserLoginTest" finished-at="2022-06-18T16:13:19Z" duration-ms="6292" status="PASS">
          <reporter-output>
          </reporter-output>
        </test-method> <!-- performanceGlitchUserLoginTest -->
        <test-method is-config="true" signature="afterEachTestMethod(org.testng.ITestResult)[pri:0, instance:saucedemotests.Login@2f01783a]" started-at="2022-06-18T16:13:19Z" name="afterEachTestMethod" finished-at="2022-06-18T16:13:20Z" duration-ms="1101" status="PASS">
          <params>
            <param index="0">
              <value>
                <![CDATA[[TestResult name=performanceGlitchUserLoginTest status=SUCCESS method=Login.performanceGlitchUserLoginTest()[pri:0, instance:saucedemotests.Login@2f01783a] output={null}]]]>
              </value>
            </param>
          </params>
          <reporter-output>
          </reporter-output>
        </test-method> <!-- afterEachTestMethod -->
        <test-method is-config="true" signature="tearDown()[pri:0, instance:saucedemotests.Login@2f01783a]" started-at="2022-06-18T16:13:20Z" name="tearDown" finished-at="2022-06-18T16:13:20Z" duration-ms="0" status="PASS">
          <reporter-output>
          </reporter-output>
        </test-method> <!-- tearDown -->
        <test-method is-config="true" signature="setUp(boolean, java.lang.String, java.lang.String, java.lang.String, java.lang.String, java.lang.String, java.lang.String)[pri:0, instance:saucedemotests.Login@2f01783a]" started-at="2022-06-18T16:13:20Z" name="setUp" finished-at="2022-06-18T16:13:23Z" duration-ms="3055" status="PASS">
          <params>
            <param index="0">
              <value>
                <![CDATA[false]]>
              </value>
            </param>
            <param index="1">
              <value>
                <![CDATA[browserstack]]>
              </value>
            </param>
            <param index="2">
              <value>
                <![CDATA[windows]]>
              </value>
            </param>
            <param index="3">
              <value>
                <![CDATA[11]]>
              </value>
            </param>
            <param index="4">
              <value>
                <![CDATA[chrome]]>
              </value>
            </param>
            <param index="5">
              <value>
                <![CDATA[102]]>
              </value>
            </param>
            <param index="6">
              <value>
                <![CDATA[http://saucedemo.com/]]>
              </value>
            </param>
          </params>
          <reporter-output>
          </reporter-output>
        </test-method> <!-- setUp -->
        <test-method is-config="true" signature="startExtent(java.lang.reflect.Method)[pri:0, instance:saucedemotests.Login@2f01783a]" started-at="2022-06-18T16:13:23Z" name="startExtent" finished-at="2022-06-18T16:13:23Z" duration-ms="1" status="PASS">
          <params>
            <param index="0">
              <value>
                <![CDATA[public void saucedemotests.Login.problemUserLoginTest()]]>
              </value>
            </param>
          </params>
          <reporter-output>
          </reporter-output>
        </test-method> <!-- startExtent -->
        <test-method signature="problemUserLoginTest()[pri:0, instance:saucedemotests.Login@2f01783a]" started-at="2022-06-18T16:13:23Z" name="problemUserLoginTest" finished-at="2022-06-18T16:13:24Z" duration-ms="895" status="PASS">
          <reporter-output>
          </reporter-output>
        </test-method> <!-- problemUserLoginTest -->
        <test-method is-config="true" signature="afterEachTestMethod(org.testng.ITestResult)[pri:0, instance:saucedemotests.Login@2f01783a]" started-at="2022-06-18T16:13:24Z" name="afterEachTestMethod" finished-at="2022-06-18T16:13:26Z" duration-ms="1379" status="PASS">
          <params>
            <param index="0">
              <value>
                <![CDATA[[TestResult name=problemUserLoginTest status=SUCCESS method=Login.problemUserLoginTest()[pri:0, instance:saucedemotests.Login@2f01783a] output={null}]]]>
              </value>
            </param>
          </params>
          <reporter-output>
          </reporter-output>
        </test-method> <!-- afterEachTestMethod -->
        <test-method is-config="true" signature="tearDown()[pri:0, instance:saucedemotests.Login@2f01783a]" started-at="2022-06-18T16:13:26Z" name="tearDown" finished-at="2022-06-18T16:13:26Z" duration-ms="0" status="PASS">
          <reporter-output>
          </reporter-output>
        </test-method> <!-- tearDown -->
        <test-method is-config="true" signature="setUp(boolean, java.lang.String, java.lang.String, java.lang.String, java.lang.String, java.lang.String, java.lang.String)[pri:0, instance:saucedemotests.Login@2f01783a]" started-at="2022-06-18T16:13:26Z" name="setUp" finished-at="2022-06-18T16:13:28Z" duration-ms="2848" status="PASS">
          <params>
            <param index="0">
              <value>
                <![CDATA[false]]>
              </value>
            </param>
            <param index="1">
              <value>
                <![CDATA[browserstack]]>
              </value>
            </param>
            <param index="2">
              <value>
                <![CDATA[windows]]>
              </value>
            </param>
            <param index="3">
              <value>
                <![CDATA[11]]>
              </value>
            </param>
            <param index="4">
              <value>
                <![CDATA[chrome]]>
              </value>
            </param>
            <param index="5">
              <value>
                <![CDATA[102]]>
              </value>
            </param>
            <param index="6">
              <value>
                <![CDATA[http://saucedemo.com/]]>
              </value>
            </param>
          </params>
          <reporter-output>
          </reporter-output>
        </test-method> <!-- setUp -->
        <test-method is-config="true" signature="startExtent(java.lang.reflect.Method)[pri:0, instance:saucedemotests.Login@2f01783a]" started-at="2022-06-18T16:13:28Z" name="startExtent" finished-at="2022-06-18T16:13:28Z" duration-ms="1" status="PASS">
          <params>
            <param index="0">
              <value>
                <![CDATA[public void saucedemotests.Login.standardUserLoginTest()]]>
              </value>
            </param>
          </params>
          <reporter-output>
          </reporter-output>
        </test-method> <!-- startExtent -->
        <test-method signature="standardUserLoginTest()[pri:0, instance:saucedemotests.Login@2f01783a]" started-at="2022-06-18T16:13:28Z" name="standardUserLoginTest" finished-at="2022-06-18T16:13:29Z" duration-ms="1058" status="PASS">
          <reporter-output>
          </reporter-output>
        </test-method> <!-- standardUserLoginTest -->
        <test-method is-config="true" signature="afterEachTestMethod(org.testng.ITestResult)[pri:0, instance:saucedemotests.Login@2f01783a]" started-at="2022-06-18T16:13:29Z" name="afterEachTestMethod" finished-at="2022-06-18T16:13:31Z" duration-ms="1388" status="PASS">
          <params>
            <param index="0">
              <value>
                <![CDATA[[TestResult name=standardUserLoginTest status=SUCCESS method=Login.standardUserLoginTest()[pri:0, instance:saucedemotests.Login@2f01783a] output={null}]]]>
              </value>
            </param>
          </params>
          <reporter-output>
          </reporter-output>
        </test-method> <!-- afterEachTestMethod -->
        <test-method is-config="true" signature="tearDown()[pri:0, instance:saucedemotests.Login@2f01783a]" started-at="2022-06-18T16:13:31Z" name="tearDown" finished-at="2022-06-18T16:13:31Z" duration-ms="1" status="PASS">
          <reporter-output>
          </reporter-output>
        </test-method> <!-- tearDown -->
        <test-method is-config="true" signature="setUp(boolean, java.lang.String, java.lang.String, java.lang.String, java.lang.String, java.lang.String, java.lang.String)[pri:0, instance:saucedemotests.Login@2f01783a]" started-at="2022-06-18T16:13:31Z" name="setUp" finished-at="2022-06-18T16:13:34Z" duration-ms="2938" status="PASS">
          <params>
            <param index="0">
              <value>
                <![CDATA[false]]>
              </value>
            </param>
            <param index="1">
              <value>
                <![CDATA[browserstack]]>
              </value>
            </param>
            <param index="2">
              <value>
                <![CDATA[windows]]>
              </value>
            </param>
            <param index="3">
              <value>
                <![CDATA[11]]>
              </value>
            </param>
            <param index="4">
              <value>
                <![CDATA[chrome]]>
              </value>
            </param>
            <param index="5">
              <value>
                <![CDATA[102]]>
              </value>
            </param>
            <param index="6">
              <value>
                <![CDATA[http://saucedemo.com/]]>
              </value>
            </param>
          </params>
          <reporter-output>
          </reporter-output>
        </test-method> <!-- setUp -->
        <test-method signature="validateLoginButtonTest()[pri:0, instance:saucedemotests.Login@2f01783a]" started-at="2022-06-18T16:13:34Z" name="validateLoginButtonTest" finished-at="2022-06-18T16:13:34Z" duration-ms="121" status="PASS">
          <reporter-output>
          </reporter-output>
        </test-method> <!-- validateLoginButtonTest -->
        <test-method is-config="true" signature="startExtent(java.lang.reflect.Method)[pri:0, instance:saucedemotests.Login@2f01783a]" started-at="2022-06-18T16:13:34Z" name="startExtent" finished-at="2022-06-18T16:13:34Z" duration-ms="0" status="PASS">
          <params>
            <param index="0">
              <value>
                <![CDATA[public void saucedemotests.Login.validateLoginButtonTest()]]>
              </value>
            </param>
          </params>
          <reporter-output>
          </reporter-output>
        </test-method> <!-- startExtent -->
        <test-method is-config="true" signature="afterEachTestMethod(org.testng.ITestResult)[pri:0, instance:saucedemotests.Login@2f01783a]" started-at="2022-06-18T16:13:34Z" name="afterEachTestMethod" finished-at="2022-06-18T16:13:35Z" duration-ms="1220" status="PASS">
          <params>
            <param index="0">
              <value>
                <![CDATA[[TestResult name=validateLoginButtonTest status=SUCCESS method=Login.validateLoginButtonTest()[pri:0, instance:saucedemotests.Login@2f01783a] output={null}]]]>
              </value>
            </param>
          </params>
          <reporter-output>
          </reporter-output>
        </test-method> <!-- afterEachTestMethod -->
        <test-method is-config="true" signature="tearDown()[pri:0, instance:saucedemotests.Login@2f01783a]" started-at="2022-06-18T16:13:35Z" name="tearDown" finished-at="2022-06-18T16:13:35Z" duration-ms="1" status="PASS">
          <reporter-output>
          </reporter-output>
        </test-method> <!-- tearDown -->
        <test-method is-config="true" signature="setUp(boolean, java.lang.String, java.lang.String, java.lang.String, java.lang.String, java.lang.String, java.lang.String)[pri:0, instance:saucedemotests.Login@2f01783a]" started-at="2022-06-18T16:13:35Z" name="setUp" finished-at="2022-06-18T16:13:39Z" duration-ms="3677" status="PASS">
          <params>
            <param index="0">
              <value>
                <![CDATA[false]]>
              </value>
            </param>
            <param index="1">
              <value>
                <![CDATA[browserstack]]>
              </value>
            </param>
            <param index="2">
              <value>
                <![CDATA[windows]]>
              </value>
            </param>
            <param index="3">
              <value>
                <![CDATA[11]]>
              </value>
            </param>
            <param index="4">
              <value>
                <![CDATA[chrome]]>
              </value>
            </param>
            <param index="5">
              <value>
                <![CDATA[102]]>
              </value>
            </param>
            <param index="6">
              <value>
                <![CDATA[http://saucedemo.com/]]>
              </value>
            </param>
          </params>
          <reporter-output>
          </reporter-output>
        </test-method> <!-- setUp -->
        <test-method is-config="true" signature="startExtent(java.lang.reflect.Method)[pri:0, instance:saucedemotests.Login@2f01783a]" started-at="2022-06-18T16:13:39Z" name="startExtent" finished-at="2022-06-18T16:13:39Z" duration-ms="1" status="PASS">
          <params>
            <param index="0">
              <value>
                <![CDATA[public void saucedemotests.Login.validateLoginButtonWithNoCredentialsTest()]]>
              </value>
            </param>
          </params>
          <reporter-output>
          </reporter-output>
        </test-method> <!-- startExtent -->
        <test-method signature="validateLoginButtonWithNoCredentialsTest()[pri:0, instance:saucedemotests.Login@2f01783a]" started-at="2022-06-18T16:13:39Z" name="validateLoginButtonWithNoCredentialsTest" finished-at="2022-06-18T16:13:39Z" duration-ms="330" status="PASS">
          <reporter-output>
          </reporter-output>
        </test-method> <!-- validateLoginButtonWithNoCredentialsTest -->
        <test-method is-config="true" signature="afterEachTestMethod(org.testng.ITestResult)[pri:0, instance:saucedemotests.Login@2f01783a]" started-at="2022-06-18T16:13:39Z" name="afterEachTestMethod" finished-at="2022-06-18T16:13:40Z" duration-ms="1097" status="PASS">
          <params>
            <param index="0">
              <value>
                <![CDATA[[TestResult name=validateLoginButtonWithNoCredentialsTest status=SUCCESS method=Login.validateLoginButtonWithNoCredentialsTest()[pri:0, instance:saucedemotests.Login@2f01783a] output={null}]]]>
              </value>
            </param>
          </params>
          <reporter-output>
          </reporter-output>
        </test-method> <!-- afterEachTestMethod -->
        <test-method is-config="true" signature="tearDown()[pri:0, instance:saucedemotests.Login@2f01783a]" started-at="2022-06-18T16:13:40Z" name="tearDown" finished-at="2022-06-18T16:13:40Z" duration-ms="0" status="PASS">
          <reporter-output>
          </reporter-output>
        </test-method> <!-- tearDown -->
      </class> <!-- saucedemotests.Login -->
      <class name="saucedemotests.MenuBar">
        <test-method is-config="true" signature="setUp(boolean, java.lang.String, java.lang.String, java.lang.String, java.lang.String, java.lang.String, java.lang.String)[pri:0, instance:saucedemotests.MenuBar@68878f6d]" started-at="2022-06-18T16:13:40Z" name="setUp" finished-at="2022-06-18T16:13:43Z" duration-ms="3236" status="PASS">
          <params>
            <param index="0">
              <value>
                <![CDATA[false]]>
              </value>
            </param>
            <param index="1">
              <value>
                <![CDATA[browserstack]]>
              </value>
            </param>
            <param index="2">
              <value>
                <![CDATA[windows]]>
              </value>
            </param>
            <param index="3">
              <value>
                <![CDATA[11]]>
              </value>
            </param>
            <param index="4">
              <value>
                <![CDATA[chrome]]>
              </value>
            </param>
            <param index="5">
              <value>
                <![CDATA[102]]>
              </value>
            </param>
            <param index="6">
              <value>
                <![CDATA[http://saucedemo.com/]]>
              </value>
            </param>
          </params>
          <reporter-output>
          </reporter-output>
        </test-method> <!-- setUp -->
        <test-method is-config="true" signature="startExtent(java.lang.reflect.Method)[pri:0, instance:saucedemotests.MenuBar@68878f6d]" started-at="2022-06-18T16:13:43Z" name="startExtent" finished-at="2022-06-18T16:13:43Z" duration-ms="0" status="PASS">
          <params>
            <param index="0">
              <value>
                <![CDATA[public void saucedemotests.MenuBar.menuBarAboutTest()]]>
              </value>
            </param>
          </params>
          <reporter-output>
          </reporter-output>
        </test-method> <!-- startExtent -->
        <test-method signature="menuBarAboutTest()[pri:0, instance:saucedemotests.MenuBar@68878f6d]" started-at="2022-06-18T16:13:43Z" name="menuBarAboutTest" finished-at="2022-06-18T16:13:47Z" duration-ms="3739" status="PASS">
          <reporter-output>
          </reporter-output>
        </test-method> <!-- menuBarAboutTest -->
        <test-method is-config="true" signature="afterEachTestMethod(org.testng.ITestResult)[pri:0, instance:saucedemotests.MenuBar@68878f6d]" started-at="2022-06-18T16:13:47Z" name="afterEachTestMethod" finished-at="2022-06-18T16:13:49Z" duration-ms="2120" status="PASS">
          <params>
            <param index="0">
              <value>
                <![CDATA[[TestResult name=menuBarAboutTest status=SUCCESS method=MenuBar.menuBarAboutTest()[pri:0, instance:saucedemotests.MenuBar@68878f6d] output={null}]]]>
              </value>
            </param>
          </params>
          <reporter-output>
          </reporter-output>
        </test-method> <!-- afterEachTestMethod -->
        <test-method is-config="true" signature="tearDown()[pri:0, instance:saucedemotests.MenuBar@68878f6d]" started-at="2022-06-18T16:13:49Z" name="tearDown" finished-at="2022-06-18T16:13:49Z" duration-ms="0" status="PASS">
          <reporter-output>
          </reporter-output>
        </test-method> <!-- tearDown -->
        <test-method is-config="true" signature="setUp(boolean, java.lang.String, java.lang.String, java.lang.String, java.lang.String, java.lang.String, java.lang.String)[pri:0, instance:saucedemotests.MenuBar@68878f6d]" started-at="2022-06-18T16:13:49Z" name="setUp" finished-at="2022-06-18T16:13:52Z" duration-ms="3135" status="PASS">
          <params>
            <param index="0">
              <value>
                <![CDATA[false]]>
              </value>
            </param>
            <param index="1">
              <value>
                <![CDATA[browserstack]]>
              </value>
            </param>
            <param index="2">
              <value>
                <![CDATA[windows]]>
              </value>
            </param>
            <param index="3">
              <value>
                <![CDATA[11]]>
              </value>
            </param>
            <param index="4">
              <value>
                <![CDATA[chrome]]>
              </value>
            </param>
            <param index="5">
              <value>
                <![CDATA[102]]>
              </value>
            </param>
            <param index="6">
              <value>
                <![CDATA[http://saucedemo.com/]]>
              </value>
            </param>
          </params>
          <reporter-output>
          </reporter-output>
        </test-method> <!-- setUp -->
        <test-method is-config="true" signature="startExtent(java.lang.reflect.Method)[pri:0, instance:saucedemotests.MenuBar@68878f6d]" started-at="2022-06-18T16:13:52Z" name="startExtent" finished-at="2022-06-18T16:13:52Z" duration-ms="0" status="PASS">
          <params>
            <param index="0">
              <value>
                <![CDATA[public void saucedemotests.MenuBar.menuBarAllItemsTest()]]>
              </value>
            </param>
          </params>
          <reporter-output>
          </reporter-output>
        </test-method> <!-- startExtent -->
        <test-method signature="menuBarAllItemsTest()[pri:0, instance:saucedemotests.MenuBar@68878f6d]" started-at="2022-06-18T16:13:52Z" name="menuBarAllItemsTest" finished-at="2022-06-18T16:13:54Z" duration-ms="1817" status="PASS">
          <reporter-output>
          </reporter-output>
        </test-method> <!-- menuBarAllItemsTest -->
        <test-method is-config="true" signature="afterEachTestMethod(org.testng.ITestResult)[pri:0, instance:saucedemotests.MenuBar@68878f6d]" started-at="2022-06-18T16:13:54Z" name="afterEachTestMethod" finished-at="2022-06-18T16:13:56Z" duration-ms="1418" status="PASS">
          <params>
            <param index="0">
              <value>
                <![CDATA[[TestResult name=menuBarAllItemsTest status=SUCCESS method=MenuBar.menuBarAllItemsTest()[pri:0, instance:saucedemotests.MenuBar@68878f6d] output={null}]]]>
              </value>
            </param>
          </params>
          <reporter-output>
          </reporter-output>
        </test-method> <!-- afterEachTestMethod -->
        <test-method is-config="true" signature="setUp(boolean, java.lang.String, java.lang.String, java.lang.String, java.lang.String, java.lang.String, java.lang.String)[pri:0, instance:saucedemotests.MenuBar@68878f6d]" started-at="2022-06-18T16:13:56Z" name="setUp" finished-at="2022-06-18T16:13:59Z" duration-ms="3507" status="PASS">
          <params>
            <param index="0">
              <value>
                <![CDATA[false]]>
              </value>
            </param>
            <param index="1">
              <value>
                <![CDATA[browserstack]]>
              </value>
            </param>
            <param index="2">
              <value>
                <![CDATA[windows]]>
              </value>
            </param>
            <param index="3">
              <value>
                <![CDATA[11]]>
              </value>
            </param>
            <param index="4">
              <value>
                <![CDATA[chrome]]>
              </value>
            </param>
            <param index="5">
              <value>
                <![CDATA[102]]>
              </value>
            </param>
            <param index="6">
              <value>
                <![CDATA[http://saucedemo.com/]]>
              </value>
            </param>
          </params>
          <reporter-output>
          </reporter-output>
        </test-method> <!-- setUp -->
        <test-method is-config="true" signature="tearDown()[pri:0, instance:saucedemotests.MenuBar@68878f6d]" started-at="2022-06-18T16:13:56Z" name="tearDown" finished-at="2022-06-18T16:13:56Z" duration-ms="0" status="PASS">
          <reporter-output>
          </reporter-output>
        </test-method> <!-- tearDown -->
        <test-method is-config="true" signature="startExtent(java.lang.reflect.Method)[pri:0, instance:saucedemotests.MenuBar@68878f6d]" started-at="2022-06-18T16:13:59Z" name="startExtent" finished-at="2022-06-18T16:13:59Z" duration-ms="1" status="PASS">
          <params>
            <param index="0">
              <value>
                <![CDATA[public void saucedemotests.MenuBar.menuBarLogoutTest()]]>
              </value>
            </param>
          </params>
          <reporter-output>
          </reporter-output>
        </test-method> <!-- startExtent -->
        <test-method signature="menuBarLogoutTest()[pri:0, instance:saucedemotests.MenuBar@68878f6d]" started-at="2022-06-18T16:13:59Z" name="menuBarLogoutTest" finished-at="2022-06-18T16:14:01Z" duration-ms="1606" status="PASS">
          <reporter-output>
          </reporter-output>
        </test-method> <!-- menuBarLogoutTest -->
        <test-method is-config="true" signature="afterEachTestMethod(org.testng.ITestResult)[pri:0, instance:saucedemotests.MenuBar@68878f6d]" started-at="2022-06-18T16:14:01Z" name="afterEachTestMethod" finished-at="2022-06-18T16:14:02Z" duration-ms="1183" status="PASS">
          <params>
            <param index="0">
              <value>
                <![CDATA[[TestResult name=menuBarLogoutTest status=SUCCESS method=MenuBar.menuBarLogoutTest()[pri:0, instance:saucedemotests.MenuBar@68878f6d] output={null}]]]>
              </value>
            </param>
          </params>
          <reporter-output>
          </reporter-output>
        </test-method> <!-- afterEachTestMethod -->
        <test-method is-config="true" signature="tearDown()[pri:0, instance:saucedemotests.MenuBar@68878f6d]" started-at="2022-06-18T16:14:02Z" name="tearDown" finished-at="2022-06-18T16:14:02Z" duration-ms="0" status="PASS">
          <reporter-output>
          </reporter-output>
        </test-method> <!-- tearDown -->
      </class> <!-- saucedemotests.MenuBar -->
      <class name="saucedemotests.AddItemsToCart">
        <test-method is-config="true" signature="setUp(boolean, java.lang.String, java.lang.String, java.lang.String, java.lang.String, java.lang.String, java.lang.String)[pri:0, instance:saucedemotests.AddItemsToCart@4a07d605]" started-at="2022-06-18T16:09:02Z" name="setUp" finished-at="2022-06-18T16:09:08Z" duration-ms="6609" status="PASS">
          <params>
            <param index="0">
              <value>
                <![CDATA[false]]>
              </value>
            </param>
            <param index="1">
              <value>
                <![CDATA[browserstack]]>
              </value>
            </param>
            <param index="2">
              <value>
                <![CDATA[windows]]>
              </value>
            </param>
            <param index="3">
              <value>
                <![CDATA[11]]>
              </value>
            </param>
            <param index="4">
              <value>
                <![CDATA[chrome]]>
              </value>
            </param>
            <param index="5">
              <value>
                <![CDATA[102]]>
              </value>
            </param>
            <param index="6">
              <value>
                <![CDATA[http://saucedemo.com/]]>
              </value>
            </param>
          </params>
          <reporter-output>
          </reporter-output>
        </test-method> <!-- setUp -->
        <test-method is-config="true" signature="startExtent(java.lang.reflect.Method)[pri:0, instance:saucedemotests.AddItemsToCart@4a07d605]" started-at="2022-06-18T16:09:08Z" name="startExtent" finished-at="2022-06-18T16:09:08Z" duration-ms="13" status="PASS">
          <params>
            <param index="0">
              <value>
                <![CDATA[public void saucedemotests.AddItemsToCart.addBackPackToCartTest()]]>
              </value>
            </param>
          </params>
          <reporter-output>
          </reporter-output>
        </test-method> <!-- startExtent -->
        <test-method signature="addBackPackToCartTest()[pri:0, instance:saucedemotests.AddItemsToCart@4a07d605]" started-at="2022-06-18T16:09:08Z" name="addBackPackToCartTest" finished-at="2022-06-18T16:09:10Z" duration-ms="1268" status="PASS">
          <reporter-output>
          </reporter-output>
        </test-method> <!-- addBackPackToCartTest -->
        <test-method is-config="true" signature="afterEachTestMethod(org.testng.ITestResult)[pri:0, instance:saucedemotests.AddItemsToCart@4a07d605]" started-at="2022-06-18T16:09:10Z" name="afterEachTestMethod" finished-at="2022-06-18T16:09:12Z" duration-ms="1859" status="PASS">
          <params>
            <param index="0">
              <value>
                <![CDATA[[TestResult name=addBackPackToCartTest status=SUCCESS method=AddItemsToCart.addBackPackToCartTest()[pri:0, instance:saucedemotests.AddItemsToCart@4a07d605] output={null}]]]>
              </value>
            </param>
          </params>
          <reporter-output>
          </reporter-output>
        </test-method> <!-- afterEachTestMethod -->
        <test-method is-config="true" signature="tearDown()[pri:0, instance:saucedemotests.AddItemsToCart@4a07d605]" started-at="2022-06-18T16:09:12Z" name="tearDown" finished-at="2022-06-18T16:09:12Z" duration-ms="1" status="PASS">
          <reporter-output>
          </reporter-output>
        </test-method> <!-- tearDown -->
        <test-method is-config="true" signature="setUp(boolean, java.lang.String, java.lang.String, java.lang.String, java.lang.String, java.lang.String, java.lang.String)[pri:0, instance:saucedemotests.AddItemsToCart@4a07d605]" started-at="2022-06-18T16:09:12Z" name="setUp" finished-at="2022-06-18T16:09:14Z" duration-ms="2757" status="PASS">
          <params>
            <param index="0">
              <value>
                <![CDATA[false]]>
              </value>
            </param>
            <param index="1">
              <value>
                <![CDATA[browserstack]]>
              </value>
            </param>
            <param index="2">
              <value>
                <![CDATA[windows]]>
              </value>
            </param>
            <param index="3">
              <value>
                <![CDATA[11]]>
              </value>
            </param>
            <param index="4">
              <value>
                <![CDATA[chrome]]>
              </value>
            </param>
            <param index="5">
              <value>
                <![CDATA[102]]>
              </value>
            </param>
            <param index="6">
              <value>
                <![CDATA[http://saucedemo.com/]]>
              </value>
            </param>
          </params>
          <reporter-output>
          </reporter-output>
        </test-method> <!-- setUp -->
        <test-method is-config="true" signature="startExtent(java.lang.reflect.Method)[pri:0, instance:saucedemotests.AddItemsToCart@4a07d605]" started-at="2022-06-18T16:09:14Z" name="startExtent" finished-at="2022-06-18T16:09:14Z" duration-ms="0" status="PASS">
          <params>
            <param index="0">
              <value>
                <![CDATA[public void saucedemotests.AddItemsToCart.addBikeLightToCartTest()]]>
              </value>
            </param>
          </params>
          <reporter-output>
          </reporter-output>
        </test-method> <!-- startExtent -->
        <test-method signature="addBikeLightToCartTest()[pri:0, instance:saucedemotests.AddItemsToCart@4a07d605]" started-at="2022-06-18T16:09:14Z" name="addBikeLightToCartTest" finished-at="2022-06-18T16:09:15Z" duration-ms="1023" status="PASS">
          <reporter-output>
          </reporter-output>
        </test-method> <!-- addBikeLightToCartTest -->
        <test-method is-config="true" signature="afterEachTestMethod(org.testng.ITestResult)[pri:0, instance:saucedemotests.AddItemsToCart@4a07d605]" started-at="2022-06-18T16:09:15Z" name="afterEachTestMethod" finished-at="2022-06-18T16:09:17Z" duration-ms="1231" status="PASS">
          <params>
            <param index="0">
              <value>
                <![CDATA[[TestResult name=addBikeLightToCartTest status=SUCCESS method=AddItemsToCart.addBikeLightToCartTest()[pri:0, instance:saucedemotests.AddItemsToCart@4a07d605] output={null}]]]>
              </value>
            </param>
          </params>
          <reporter-output>
          </reporter-output>
        </test-method> <!-- afterEachTestMethod -->
        <test-method is-config="true" signature="tearDown()[pri:0, instance:saucedemotests.AddItemsToCart@4a07d605]" started-at="2022-06-18T16:09:17Z" name="tearDown" finished-at="2022-06-18T16:09:17Z" duration-ms="1" status="PASS">
          <reporter-output>
          </reporter-output>
        </test-method> <!-- tearDown -->
        <test-method is-config="true" signature="setUp(boolean, java.lang.String, java.lang.String, java.lang.String, java.lang.String, java.lang.String, java.lang.String)[pri:0, instance:saucedemotests.AddItemsToCart@4a07d605]" started-at="2022-06-18T16:09:17Z" name="setUp" finished-at="2022-06-18T16:09:20Z" duration-ms="3351" status="PASS">
          <params>
            <param index="0">
              <value>
                <![CDATA[false]]>
              </value>
            </param>
            <param index="1">
              <value>
                <![CDATA[browserstack]]>
              </value>
            </param>
            <param index="2">
              <value>
                <![CDATA[windows]]>
              </value>
            </param>
            <param index="3">
              <value>
                <![CDATA[11]]>
              </value>
            </param>
            <param index="4">
              <value>
                <![CDATA[chrome]]>
              </value>
            </param>
            <param index="5">
              <value>
                <![CDATA[102]]>
              </value>
            </param>
            <param index="6">
              <value>
                <![CDATA[http://saucedemo.com/]]>
              </value>
            </param>
          </params>
          <reporter-output>
          </reporter-output>
        </test-method> <!-- setUp -->
        <test-method is-config="true" signature="startExtent(java.lang.reflect.Method)[pri:0, instance:saucedemotests.AddItemsToCart@4a07d605]" started-at="2022-06-18T16:09:20Z" name="startExtent" finished-at="2022-06-18T16:09:20Z" duration-ms="1" status="PASS">
          <params>
            <param index="0">
              <value>
                <![CDATA[public void saucedemotests.AddItemsToCart.addBoltShirtToCartTest()]]>
              </value>
            </param>
          </params>
          <reporter-output>
          </reporter-output>
        </test-method> <!-- startExtent -->
        <test-method signature="addBoltShirtToCartTest()[pri:0, instance:saucedemotests.AddItemsToCart@4a07d605]" started-at="2022-06-18T16:09:20Z" name="addBoltShirtToCartTest" finished-at="2022-06-18T16:09:21Z" duration-ms="1088" status="PASS">
          <reporter-output>
          </reporter-output>
        </test-method> <!-- addBoltShirtToCartTest -->
        <test-method is-config="true" signature="afterEachTestMethod(org.testng.ITestResult)[pri:0, instance:saucedemotests.AddItemsToCart@4a07d605]" started-at="2022-06-18T16:09:21Z" name="afterEachTestMethod" finished-at="2022-06-18T16:09:22Z" duration-ms="1356" status="PASS">
          <params>
            <param index="0">
              <value>
                <![CDATA[[TestResult name=addBoltShirtToCartTest status=SUCCESS method=AddItemsToCart.addBoltShirtToCartTest()[pri:0, instance:saucedemotests.AddItemsToCart@4a07d605] output={null}]]]>
              </value>
            </param>
          </params>
          <reporter-output>
          </reporter-output>
        </test-method> <!-- afterEachTestMethod -->
        <test-method is-config="true" signature="tearDown()[pri:0, instance:saucedemotests.AddItemsToCart@4a07d605]" started-at="2022-06-18T16:09:22Z" name="tearDown" finished-at="2022-06-18T16:09:22Z" duration-ms="1" status="PASS">
          <reporter-output>
          </reporter-output>
        </test-method> <!-- tearDown -->
        <test-method is-config="true" signature="setUp(boolean, java.lang.String, java.lang.String, java.lang.String, java.lang.String, java.lang.String, java.lang.String)[pri:0, instance:saucedemotests.AddItemsToCart@4a07d605]" started-at="2022-06-18T16:09:22Z" name="setUp" finished-at="2022-06-18T16:09:25Z" duration-ms="2620" status="PASS">
          <params>
            <param index="0">
              <value>
                <![CDATA[false]]>
              </value>
            </param>
            <param index="1">
              <value>
                <![CDATA[browserstack]]>
              </value>
            </param>
            <param index="2">
              <value>
                <![CDATA[windows]]>
              </value>
            </param>
            <param index="3">
              <value>
                <![CDATA[11]]>
              </value>
            </param>
            <param index="4">
              <value>
                <![CDATA[chrome]]>
              </value>
            </param>
            <param index="5">
              <value>
                <![CDATA[102]]>
              </value>
            </param>
            <param index="6">
              <value>
                <![CDATA[http://saucedemo.com/]]>
              </value>
            </param>
          </params>
          <reporter-output>
          </reporter-output>
        </test-method> <!-- setUp -->
        <test-method is-config="true" signature="startExtent(java.lang.reflect.Method)[pri:0, instance:saucedemotests.AddItemsToCart@4a07d605]" started-at="2022-06-18T16:09:25Z" name="startExtent" finished-at="2022-06-18T16:09:25Z" duration-ms="1" status="PASS">
          <params>
            <param index="0">
              <value>
                <![CDATA[public void saucedemotests.AddItemsToCart.addFleeceJacketToCartTest()]]>
              </value>
            </param>
          </params>
          <reporter-output>
          </reporter-output>
        </test-method> <!-- startExtent -->
        <test-method signature="addFleeceJacketToCartTest()[pri:0, instance:saucedemotests.AddItemsToCart@4a07d605]" started-at="2022-06-18T16:09:25Z" name="addFleeceJacketToCartTest" finished-at="2022-06-18T16:09:26Z" duration-ms="950" status="PASS">
          <reporter-output>
          </reporter-output>
        </test-method> <!-- addFleeceJacketToCartTest -->
        <test-method is-config="true" signature="afterEachTestMethod(org.testng.ITestResult)[pri:0, instance:saucedemotests.AddItemsToCart@4a07d605]" started-at="2022-06-18T16:09:26Z" name="afterEachTestMethod" finished-at="2022-06-18T16:09:27Z" duration-ms="1033" status="PASS">
          <params>
            <param index="0">
              <value>
                <![CDATA[[TestResult name=addFleeceJacketToCartTest status=SUCCESS method=AddItemsToCart.addFleeceJacketToCartTest()[pri:0, instance:saucedemotests.AddItemsToCart@4a07d605] output={null}]]]>
              </value>
            </param>
          </params>
          <reporter-output>
          </reporter-output>
        </test-method> <!-- afterEachTestMethod -->
        <test-method is-config="true" signature="tearDown()[pri:0, instance:saucedemotests.AddItemsToCart@4a07d605]" started-at="2022-06-18T16:09:27Z" name="tearDown" finished-at="2022-06-18T16:09:27Z" duration-ms="0" status="PASS">
          <reporter-output>
          </reporter-output>
        </test-method> <!-- tearDown -->
        <test-method is-config="true" signature="setUp(boolean, java.lang.String, java.lang.String, java.lang.String, java.lang.String, java.lang.String, java.lang.String)[pri:0, instance:saucedemotests.AddItemsToCart@4a07d605]" started-at="2022-06-18T16:09:27Z" name="setUp" finished-at="2022-06-18T16:09:29Z" duration-ms="2437" status="PASS">
          <params>
            <param index="0">
              <value>
                <![CDATA[false]]>
              </value>
            </param>
            <param index="1">
              <value>
                <![CDATA[browserstack]]>
              </value>
            </param>
            <param index="2">
              <value>
                <![CDATA[windows]]>
              </value>
            </param>
            <param index="3">
              <value>
                <![CDATA[11]]>
              </value>
            </param>
            <param index="4">
              <value>
                <![CDATA[chrome]]>
              </value>
            </param>
            <param index="5">
              <value>
                <![CDATA[102]]>
              </value>
            </param>
            <param index="6">
              <value>
                <![CDATA[http://saucedemo.com/]]>
              </value>
            </param>
          </params>
          <reporter-output>
          </reporter-output>
        </test-method> <!-- setUp -->
        <test-method is-config="true" signature="startExtent(java.lang.reflect.Method)[pri:0, instance:saucedemotests.AddItemsToCart@4a07d605]" started-at="2022-06-18T16:09:29Z" name="startExtent" finished-at="2022-06-18T16:09:29Z" duration-ms="2" status="PASS">
          <params>
            <param index="0">
              <value>
                <![CDATA[public void saucedemotests.AddItemsToCart.addMultipleItemsToCartTest()]]>
              </value>
            </param>
          </params>
          <reporter-output>
          </reporter-output>
        </test-method> <!-- startExtent -->
        <test-method signature="addMultipleItemsToCartTest()[pri:0, instance:saucedemotests.AddItemsToCart@4a07d605]" started-at="2022-06-18T16:09:29Z" name="addMultipleItemsToCartTest" finished-at="2022-06-18T16:09:31Z" duration-ms="1761" status="PASS">
          <reporter-output>
          </reporter-output>
        </test-method> <!-- addMultipleItemsToCartTest -->
        <test-method is-config="true" signature="afterEachTestMethod(org.testng.ITestResult)[pri:0, instance:saucedemotests.AddItemsToCart@4a07d605]" started-at="2022-06-18T16:09:31Z" name="afterEachTestMethod" finished-at="2022-06-18T16:09:32Z" duration-ms="947" status="PASS">
          <params>
            <param index="0">
              <value>
                <![CDATA[[TestResult name=addMultipleItemsToCartTest status=SUCCESS method=AddItemsToCart.addMultipleItemsToCartTest()[pri:0, instance:saucedemotests.AddItemsToCart@4a07d605] output={null}]]]>
              </value>
            </param>
          </params>
          <reporter-output>
          </reporter-output>
        </test-method> <!-- afterEachTestMethod -->
        <test-method is-config="true" signature="setUp(boolean, java.lang.String, java.lang.String, java.lang.String, java.lang.String, java.lang.String, java.lang.String)[pri:0, instance:saucedemotests.AddItemsToCart@4a07d605]" started-at="2022-06-18T16:09:32Z" name="setUp" finished-at="2022-06-18T16:09:35Z" duration-ms="2725" status="PASS">
          <params>
            <param index="0">
              <value>
                <![CDATA[false]]>
              </value>
            </param>
            <param index="1">
              <value>
                <![CDATA[browserstack]]>
              </value>
            </param>
            <param index="2">
              <value>
                <![CDATA[windows]]>
              </value>
            </param>
            <param index="3">
              <value>
                <![CDATA[11]]>
              </value>
            </param>
            <param index="4">
              <value>
                <![CDATA[chrome]]>
              </value>
            </param>
            <param index="5">
              <value>
                <![CDATA[102]]>
              </value>
            </param>
            <param index="6">
              <value>
                <![CDATA[http://saucedemo.com/]]>
              </value>
            </param>
          </params>
          <reporter-output>
          </reporter-output>
        </test-method> <!-- setUp -->
        <test-method is-config="true" signature="tearDown()[pri:0, instance:saucedemotests.AddItemsToCart@4a07d605]" started-at="2022-06-18T16:09:32Z" name="tearDown" finished-at="2022-06-18T16:09:32Z" duration-ms="0" status="PASS">
          <reporter-output>
          </reporter-output>
        </test-method> <!-- tearDown -->
        <test-method is-config="true" signature="startExtent(java.lang.reflect.Method)[pri:0, instance:saucedemotests.AddItemsToCart@4a07d605]" started-at="2022-06-18T16:09:35Z" name="startExtent" finished-at="2022-06-18T16:09:35Z" duration-ms="1" status="PASS">
          <params>
            <param index="0">
              <value>
                <![CDATA[public void saucedemotests.AddItemsToCart.addOnesieToCartTest()]]>
              </value>
            </param>
          </params>
          <reporter-output>
          </reporter-output>
        </test-method> <!-- startExtent -->
        <test-method signature="addOnesieToCartTest()[pri:0, instance:saucedemotests.AddItemsToCart@4a07d605]" started-at="2022-06-18T16:09:35Z" name="addOnesieToCartTest" finished-at="2022-06-18T16:09:36Z" duration-ms="1006" status="PASS">
          <reporter-output>
          </reporter-output>
        </test-method> <!-- addOnesieToCartTest -->
        <test-method is-config="true" signature="afterEachTestMethod(org.testng.ITestResult)[pri:0, instance:saucedemotests.AddItemsToCart@4a07d605]" started-at="2022-06-18T16:09:36Z" name="afterEachTestMethod" finished-at="2022-06-18T16:09:37Z" duration-ms="1118" status="PASS">
          <params>
            <param index="0">
              <value>
                <![CDATA[[TestResult name=addOnesieToCartTest status=SUCCESS method=AddItemsToCart.addOnesieToCartTest()[pri:0, instance:saucedemotests.AddItemsToCart@4a07d605] output={null}]]]>
              </value>
            </param>
          </params>
          <reporter-output>
          </reporter-output>
        </test-method> <!-- afterEachTestMethod -->
        <test-method is-config="true" signature="setUp(boolean, java.lang.String, java.lang.String, java.lang.String, java.lang.String, java.lang.String, java.lang.String)[pri:0, instance:saucedemotests.AddItemsToCart@4a07d605]" started-at="2022-06-18T16:09:37Z" name="setUp" finished-at="2022-06-18T16:09:40Z" duration-ms="2601" status="PASS">
          <params>
            <param index="0">
              <value>
                <![CDATA[false]]>
              </value>
            </param>
            <param index="1">
              <value>
                <![CDATA[browserstack]]>
              </value>
            </param>
            <param index="2">
              <value>
                <![CDATA[windows]]>
              </value>
            </param>
            <param index="3">
              <value>
                <![CDATA[11]]>
              </value>
            </param>
            <param index="4">
              <value>
                <![CDATA[chrome]]>
              </value>
            </param>
            <param index="5">
              <value>
                <![CDATA[102]]>
              </value>
            </param>
            <param index="6">
              <value>
                <![CDATA[http://saucedemo.com/]]>
              </value>
            </param>
          </params>
          <reporter-output>
          </reporter-output>
        </test-method> <!-- setUp -->
        <test-method is-config="true" signature="tearDown()[pri:0, instance:saucedemotests.AddItemsToCart@4a07d605]" started-at="2022-06-18T16:09:37Z" name="tearDown" finished-at="2022-06-18T16:09:37Z" duration-ms="0" status="PASS">
          <reporter-output>
          </reporter-output>
        </test-method> <!-- tearDown -->
        <test-method is-config="true" signature="startExtent(java.lang.reflect.Method)[pri:0, instance:saucedemotests.AddItemsToCart@4a07d605]" started-at="2022-06-18T16:09:40Z" name="startExtent" finished-at="2022-06-18T16:09:40Z" duration-ms="0" status="PASS">
          <params>
            <param index="0">
              <value>
                <![CDATA[public void saucedemotests.AddItemsToCart.addRedShirtToCartTest()]]>
              </value>
            </param>
          </params>
          <reporter-output>
          </reporter-output>
        </test-method> <!-- startExtent -->
        <test-method signature="addRedShirtToCartTest()[pri:0, instance:saucedemotests.AddItemsToCart@4a07d605]" started-at="2022-06-18T16:09:40Z" name="addRedShirtToCartTest" finished-at="2022-06-18T16:09:41Z" duration-ms="1300" status="PASS">
          <reporter-output>
          </reporter-output>
        </test-method> <!-- addRedShirtToCartTest -->
        <test-method is-config="true" signature="afterEachTestMethod(org.testng.ITestResult)[pri:0, instance:saucedemotests.AddItemsToCart@4a07d605]" started-at="2022-06-18T16:09:41Z" name="afterEachTestMethod" finished-at="2022-06-18T16:09:42Z" duration-ms="1011" status="PASS">
          <params>
            <param index="0">
              <value>
                <![CDATA[[TestResult name=addRedShirtToCartTest status=SUCCESS method=AddItemsToCart.addRedShirtToCartTest()[pri:0, instance:saucedemotests.AddItemsToCart@4a07d605] output={null}]]]>
              </value>
            </param>
          </params>
          <reporter-output>
          </reporter-output>
        </test-method> <!-- afterEachTestMethod -->
        <test-method is-config="true" signature="tearDown()[pri:0, instance:saucedemotests.AddItemsToCart@4a07d605]" started-at="2022-06-18T16:09:42Z" name="tearDown" finished-at="2022-06-18T16:09:42Z" duration-ms="1" status="PASS">
          <reporter-output>
          </reporter-output>
        </test-method> <!-- tearDown -->
      </class> <!-- saucedemotests.AddItemsToCart -->
      <class name="saucedemotests.Icons">
        <test-method is-config="true" signature="setUp(boolean, java.lang.String, java.lang.String, java.lang.String, java.lang.String, java.lang.String, java.lang.String)[pri:0, instance:saucedemotests.Icons@68746f22]" started-at="2022-06-18T16:12:21Z" name="setUp" finished-at="2022-06-18T16:12:23Z" duration-ms="2033" status="PASS">
          <params>
            <param index="0">
              <value>
                <![CDATA[false]]>
              </value>
            </param>
            <param index="1">
              <value>
                <![CDATA[browserstack]]>
              </value>
            </param>
            <param index="2">
              <value>
                <![CDATA[windows]]>
              </value>
            </param>
            <param index="3">
              <value>
                <![CDATA[11]]>
              </value>
            </param>
            <param index="4">
              <value>
                <![CDATA[chrome]]>
              </value>
            </param>
            <param index="5">
              <value>
                <![CDATA[102]]>
              </value>
            </param>
            <param index="6">
              <value>
                <![CDATA[http://saucedemo.com/]]>
              </value>
            </param>
          </params>
          <reporter-output>
          </reporter-output>
        </test-method> <!-- setUp -->
        <test-method is-config="true" signature="startExtent(java.lang.reflect.Method)[pri:0, instance:saucedemotests.Icons@68746f22]" started-at="2022-06-18T16:12:23Z" name="startExtent" finished-at="2022-06-18T16:12:23Z" duration-ms="1" status="PASS">
          <params>
            <param index="0">
              <value>
                <![CDATA[public void saucedemotests.Icons.facebookIconTest()]]>
              </value>
            </param>
          </params>
          <reporter-output>
          </reporter-output>
        </test-method> <!-- startExtent -->
        <test-method signature="facebookIconTest()[pri:0, instance:saucedemotests.Icons@68746f22]" started-at="2022-06-18T16:12:23Z" name="facebookIconTest" finished-at="2022-06-18T16:12:29Z" duration-ms="6022" status="PASS">
          <reporter-output>
          </reporter-output>
        </test-method> <!-- facebookIconTest -->
        <test-method is-config="true" signature="afterEachTestMethod(org.testng.ITestResult)[pri:0, instance:saucedemotests.Icons@68746f22]" started-at="2022-06-18T16:12:29Z" name="afterEachTestMethod" finished-at="2022-06-18T16:12:30Z" duration-ms="1051" status="PASS">
          <params>
            <param index="0">
              <value>
                <![CDATA[[TestResult name=facebookIconTest status=SUCCESS method=Icons.facebookIconTest()[pri:0, instance:saucedemotests.Icons@68746f22] output={null}]]]>
              </value>
            </param>
          </params>
          <reporter-output>
          </reporter-output>
        </test-method> <!-- afterEachTestMethod -->
        <test-method is-config="true" signature="tearDown()[pri:0, instance:saucedemotests.Icons@68746f22]" started-at="2022-06-18T16:12:30Z" name="tearDown" finished-at="2022-06-18T16:12:30Z" duration-ms="1" status="PASS">
          <reporter-output>
          </reporter-output>
        </test-method> <!-- tearDown -->
        <test-method is-config="true" signature="setUp(boolean, java.lang.String, java.lang.String, java.lang.String, java.lang.String, java.lang.String, java.lang.String)[pri:0, instance:saucedemotests.Icons@68746f22]" started-at="2022-06-18T16:12:30Z" name="setUp" finished-at="2022-06-18T16:12:33Z" duration-ms="3030" status="PASS">
          <params>
            <param index="0">
              <value>
                <![CDATA[false]]>
              </value>
            </param>
            <param index="1">
              <value>
                <![CDATA[browserstack]]>
              </value>
            </param>
            <param index="2">
              <value>
                <![CDATA[windows]]>
              </value>
            </param>
            <param index="3">
              <value>
                <![CDATA[11]]>
              </value>
            </param>
            <param index="4">
              <value>
                <![CDATA[chrome]]>
              </value>
            </param>
            <param index="5">
              <value>
                <![CDATA[102]]>
              </value>
            </param>
            <param index="6">
              <value>
                <![CDATA[http://saucedemo.com/]]>
              </value>
            </param>
          </params>
          <reporter-output>
          </reporter-output>
        </test-method> <!-- setUp -->
        <test-method is-config="true" signature="startExtent(java.lang.reflect.Method)[pri:0, instance:saucedemotests.Icons@68746f22]" started-at="2022-06-18T16:12:33Z" name="startExtent" finished-at="2022-06-18T16:12:33Z" duration-ms="1" status="PASS">
          <params>
            <param index="0">
              <value>
                <![CDATA[public void saucedemotests.Icons.linkedInIconTest()]]>
              </value>
            </param>
          </params>
          <reporter-output>
          </reporter-output>
        </test-method> <!-- startExtent -->
        <test-method signature="linkedInIconTest()[pri:0, instance:saucedemotests.Icons@68746f22]" started-at="2022-06-18T16:12:33Z" name="linkedInIconTest" finished-at="2022-06-18T16:12:39Z" duration-ms="6206" status="PASS">
          <reporter-output>
          </reporter-output>
        </test-method> <!-- linkedInIconTest -->
        <test-method is-config="true" signature="afterEachTestMethod(org.testng.ITestResult)[pri:0, instance:saucedemotests.Icons@68746f22]" started-at="2022-06-18T16:12:39Z" name="afterEachTestMethod" finished-at="2022-06-18T16:12:40Z" duration-ms="1041" status="PASS">
          <params>
            <param index="0">
              <value>
                <![CDATA[[TestResult name=linkedInIconTest status=SUCCESS method=Icons.linkedInIconTest()[pri:0, instance:saucedemotests.Icons@68746f22] output={null}]]]>
              </value>
            </param>
          </params>
          <reporter-output>
          </reporter-output>
        </test-method> <!-- afterEachTestMethod -->
        <test-method is-config="true" signature="tearDown()[pri:0, instance:saucedemotests.Icons@68746f22]" started-at="2022-06-18T16:12:40Z" name="tearDown" finished-at="2022-06-18T16:12:40Z" duration-ms="1" status="PASS">
          <reporter-output>
          </reporter-output>
        </test-method> <!-- tearDown -->
        <test-method is-config="true" signature="setUp(boolean, java.lang.String, java.lang.String, java.lang.String, java.lang.String, java.lang.String, java.lang.String)[pri:0, instance:saucedemotests.Icons@68746f22]" started-at="2022-06-18T16:12:40Z" name="setUp" finished-at="2022-06-18T16:12:43Z" duration-ms="3072" status="PASS">
          <params>
            <param index="0">
              <value>
                <![CDATA[false]]>
              </value>
            </param>
            <param index="1">
              <value>
                <![CDATA[browserstack]]>
              </value>
            </param>
            <param index="2">
              <value>
                <![CDATA[windows]]>
              </value>
            </param>
            <param index="3">
              <value>
                <![CDATA[11]]>
              </value>
            </param>
            <param index="4">
              <value>
                <![CDATA[chrome]]>
              </value>
            </param>
            <param index="5">
              <value>
                <![CDATA[102]]>
              </value>
            </param>
            <param index="6">
              <value>
                <![CDATA[http://saucedemo.com/]]>
              </value>
            </param>
          </params>
          <reporter-output>
          </reporter-output>
        </test-method> <!-- setUp -->
        <test-method is-config="true" signature="startExtent(java.lang.reflect.Method)[pri:0, instance:saucedemotests.Icons@68746f22]" started-at="2022-06-18T16:12:43Z" name="startExtent" finished-at="2022-06-18T16:12:43Z" duration-ms="1" status="PASS">
          <params>
            <param index="0">
              <value>
                <![CDATA[public void saucedemotests.Icons.twitterIconTest()]]>
              </value>
            </param>
          </params>
          <reporter-output>
          </reporter-output>
        </test-method> <!-- startExtent -->
        <test-method signature="twitterIconTest()[pri:0, instance:saucedemotests.Icons@68746f22]" started-at="2022-06-18T16:12:43Z" name="twitterIconTest" finished-at="2022-06-18T16:12:49Z" duration-ms="6149" status="PASS">
          <reporter-output>
          </reporter-output>
        </test-method> <!-- twitterIconTest -->
        <test-method is-config="true" signature="afterEachTestMethod(org.testng.ITestResult)[pri:0, instance:saucedemotests.Icons@68746f22]" started-at="2022-06-18T16:12:49Z" name="afterEachTestMethod" finished-at="2022-06-18T16:12:51Z" duration-ms="1397" status="PASS">
          <params>
            <param index="0">
              <value>
                <![CDATA[[TestResult name=twitterIconTest status=SUCCESS method=Icons.twitterIconTest()[pri:0, instance:saucedemotests.Icons@68746f22] output={null}]]]>
              </value>
            </param>
          </params>
          <reporter-output>
          </reporter-output>
        </test-method> <!-- afterEachTestMethod -->
        <test-method is-config="true" signature="tearDown()[pri:0, instance:saucedemotests.Icons@68746f22]" started-at="2022-06-18T16:12:51Z" name="tearDown" finished-at="2022-06-18T16:12:51Z" duration-ms="0" status="PASS">
          <reporter-output>
          </reporter-output>
        </test-method> <!-- tearDown -->
      </class> <!-- saucedemotests.Icons -->
      <class name="saucedemotests.SearchBar">
        <test-method is-config="true" signature="setUp(boolean, java.lang.String, java.lang.String, java.lang.String, java.lang.String, java.lang.String, java.lang.String)[pri:0, instance:saucedemotests.SearchBar@a8ef162]" started-at="2022-06-18T16:14:35Z" name="setUp" finished-at="2022-06-18T16:14:38Z" duration-ms="2971" status="PASS">
          <params>
            <param index="0">
              <value>
                <![CDATA[false]]>
              </value>
            </param>
            <param index="1">
              <value>
                <![CDATA[browserstack]]>
              </value>
            </param>
            <param index="2">
              <value>
                <![CDATA[windows]]>
              </value>
            </param>
            <param index="3">
              <value>
                <![CDATA[11]]>
              </value>
            </param>
            <param index="4">
              <value>
                <![CDATA[chrome]]>
              </value>
            </param>
            <param index="5">
              <value>
                <![CDATA[102]]>
              </value>
[...]
              </value>
            </param>
            <param index="3">
              <value>
                <![CDATA[11]]>
              </value>
            </param>
            <param index="4">
              <value>
                <![CDATA[chrome]]>
              </value>
            </param>
            <param index="5">
              <value>
                <![CDATA[102]]>
              </value>
            </param>
            <param index="6">
              <value>
                <![CDATA[https://www.globalsqa.com/angularJs-protractor/BankingProject/#/login]]>
              </value>
            </param>
          </params>
          <reporter-output>
          </reporter-output>
        </test-method> <!-- setUp -->
        <test-method is-config="true" signature="startExtent(java.lang.reflect.Method)[pri:0, instance:globalsqatests.UserLogin@30b6ffe0]" started-at="2022-06-18T16:18:37Z" name="startExtent" finished-at="2022-06-18T16:18:37Z" duration-ms="1" status="PASS">
          <params>
            <param index="0">
              <value>
                <![CDATA[public void globalsqatests.UserLogin.ronWeaslyLoginTest()]]>
              </value>
            </param>
          </params>
          <reporter-output>
          </reporter-output>
        </test-method> <!-- startExtent -->
        <test-method signature="ronWeaslyLoginTest()[pri:0, instance:globalsqatests.UserLogin@30b6ffe0]" started-at="2022-06-18T16:18:37Z" name="ronWeaslyLoginTest" finished-at="2022-06-18T16:18:38Z" duration-ms="1081" status="PASS">
          <reporter-output>
          </reporter-output>
        </test-method> <!-- ronWeaslyLoginTest -->
        <test-method is-config="true" signature="afterEachTestMethod(org.testng.ITestResult)[pri:0, instance:globalsqatests.UserLogin@30b6ffe0]" started-at="2022-06-18T16:18:38Z" name="afterEachTestMethod" finished-at="2022-06-18T16:18:40Z" duration-ms="1405" status="PASS">
          <params>
            <param index="0">
              <value>
                <![CDATA[[TestResult name=ronWeaslyLoginTest status=SUCCESS method=UserLogin.ronWeaslyLoginTest()[pri:0, instance:globalsqatests.UserLogin@30b6ffe0] output={null}]]]>
              </value>
            </param>
          </params>
          <reporter-output>
          </reporter-output>
        </test-method> <!-- afterEachTestMethod -->
        <test-method is-config="true" signature="tearDown()[pri:0, instance:globalsqatests.UserLogin@30b6ffe0]" started-at="2022-06-18T16:18:40Z" name="tearDown" finished-at="2022-06-18T16:18:40Z" duration-ms="0" status="PASS">
          <reporter-output>
          </reporter-output>
        </test-method> <!-- tearDown -->
      </class> <!-- globalsqatests.UserLogin -->
      <class name="globalsqatests.Logout">
        <test-method is-config="true" signature="setUp(boolean, java.lang.String, java.lang.String, java.lang.String, java.lang.String, java.lang.String, java.lang.String)[pri:0, instance:globalsqatests.Logout@791d1f8b]" started-at="2022-06-18T16:18:40Z" name="setUp" finished-at="2022-06-18T16:18:43Z" duration-ms="3291" status="PASS">
          <params>
            <param index="0">
              <value>
                <![CDATA[false]]>
              </value>
            </param>
            <param index="1">
              <value>
                <![CDATA[browserstack]]>
              </value>
            </param>
            <param index="2">
              <value>
                <![CDATA[windows]]>
              </value>
            </param>
            <param index="3">
              <value>
                <![CDATA[11]]>
              </value>
            </param>
            <param index="4">
              <value>
                <![CDATA[chrome]]>
              </value>
            </param>
            <param index="5">
              <value>
                <![CDATA[102]]>
              </value>
            </param>
            <param index="6">
              <value>
                <![CDATA[https://www.globalsqa.com/angularJs-protractor/BankingProject/#/login]]>
              </value>
            </param>
          </params>
          <reporter-output>
          </reporter-output>
        </test-method> <!-- setUp -->
        <test-method is-config="true" signature="startExtent(java.lang.reflect.Method)[pri:0, instance:globalsqatests.Logout@791d1f8b]" started-at="2022-06-18T16:18:43Z" name="startExtent" finished-at="2022-06-18T16:18:43Z" duration-ms="1" status="PASS">
          <params>
            <param index="0">
              <value>
                <![CDATA[public void globalsqatests.Logout.albusDumbledoreLogoutTest()]]>
              </value>
            </param>
          </params>
          <reporter-output>
          </reporter-output>
        </test-method> <!-- startExtent -->
        <test-method signature="albusDumbledoreLogoutTest()[pri:0, instance:globalsqatests.Logout@791d1f8b]" started-at="2022-06-18T16:18:43Z" name="albusDumbledoreLogoutTest" finished-at="2022-06-18T16:18:50Z" duration-ms="7115" status="PASS">
          <reporter-output>
          </reporter-output>
        </test-method> <!-- albusDumbledoreLogoutTest -->
        <test-method is-config="true" signature="afterEachTestMethod(org.testng.ITestResult)[pri:0, instance:globalsqatests.Logout@791d1f8b]" started-at="2022-06-18T16:18:50Z" name="afterEachTestMethod" finished-at="2022-06-18T16:18:52Z" duration-ms="2299" status="PASS">
          <params>
            <param index="0">
              <value>
                <![CDATA[[TestResult name=albusDumbledoreLogoutTest status=SUCCESS method=Logout.albusDumbledoreLogoutTest()[pri:0, instance:globalsqatests.Logout@791d1f8b] output={null}]]]>
              </value>
            </param>
          </params>
          <reporter-output>
          </reporter-output>
        </test-method> <!-- afterEachTestMethod -->
        <test-method is-config="true" signature="tearDown()[pri:0, instance:globalsqatests.Logout@791d1f8b]" started-at="2022-06-18T16:18:52Z" name="tearDown" finished-at="2022-06-18T16:18:52Z" duration-ms="0" status="PASS">
          <reporter-output>
          </reporter-output>
        </test-method> <!-- tearDown -->
        <test-method is-config="true" signature="setUp(boolean, java.lang.String, java.lang.String, java.lang.String, java.lang.String, java.lang.String, java.lang.String)[pri:0, instance:globalsqatests.Logout@791d1f8b]" started-at="2022-06-18T16:18:52Z" name="setUp" finished-at="2022-06-18T16:18:56Z" duration-ms="3490" status="PASS">
          <params>
            <param index="0">
              <value>
                <![CDATA[false]]>
              </value>
            </param>
            <param index="1">
              <value>
                <![CDATA[browserstack]]>
              </value>
            </param>
            <param index="2">
              <value>
                <![CDATA[windows]]>
              </value>
            </param>
            <param index="3">
              <value>
                <![CDATA[11]]>
              </value>
            </param>
            <param index="4">
              <value>
                <![CDATA[chrome]]>
              </value>
            </param>
            <param index="5">
              <value>
                <![CDATA[102]]>
              </value>
            </param>
            <param index="6">
              <value>
                <![CDATA[https://www.globalsqa.com/angularJs-protractor/BankingProject/#/login]]>
              </value>
            </param>
          </params>
          <reporter-output>
          </reporter-output>
        </test-method> <!-- setUp -->
        <test-method signature="harryPotterLogoutTest()[pri:0, instance:globalsqatests.Logout@791d1f8b]" started-at="2022-06-18T16:18:56Z" name="harryPotterLogoutTest" finished-at="2022-06-18T16:19:03Z" duration-ms="6981" status="PASS">
          <reporter-output>
          </reporter-output>
        </test-method> <!-- harryPotterLogoutTest -->
        <test-method is-config="true" signature="startExtent(java.lang.reflect.Method)[pri:0, instance:globalsqatests.Logout@791d1f8b]" started-at="2022-06-18T16:18:56Z" name="startExtent" finished-at="2022-06-18T16:18:56Z" duration-ms="0" status="PASS">
          <params>
            <param index="0">
              <value>
                <![CDATA[public void globalsqatests.Logout.harryPotterLogoutTest()]]>
              </value>
            </param>
          </params>
          <reporter-output>
          </reporter-output>
        </test-method> <!-- startExtent -->
        <test-method is-config="true" signature="afterEachTestMethod(org.testng.ITestResult)[pri:0, instance:globalsqatests.Logout@791d1f8b]" started-at="2022-06-18T16:19:03Z" name="afterEachTestMethod" finished-at="2022-06-18T16:19:05Z" duration-ms="1707" status="PASS">
          <params>
            <param index="0">
              <value>
                <![CDATA[[TestResult name=harryPotterLogoutTest status=SUCCESS method=Logout.harryPotterLogoutTest()[pri:0, instance:globalsqatests.Logout@791d1f8b] output={null}]]]>
              </value>
            </param>
          </params>
          <reporter-output>
          </reporter-output>
        </test-method> <!-- afterEachTestMethod -->
        <test-method is-config="true" signature="tearDown()[pri:0, instance:globalsqatests.Logout@791d1f8b]" started-at="2022-06-18T16:19:05Z" name="tearDown" finished-at="2022-06-18T16:19:05Z" duration-ms="1" status="PASS">
          <reporter-output>
          </reporter-output>
        </test-method> <!-- tearDown -->
        <test-method is-config="true" signature="setUp(boolean, java.lang.String, java.lang.String, java.lang.String, java.lang.String, java.lang.String, java.lang.String)[pri:0, instance:globalsqatests.Logout@791d1f8b]" started-at="2022-06-18T16:19:05Z" name="setUp" finished-at="2022-06-18T16:19:08Z" duration-ms="3446" status="PASS">
          <params>
            <param index="0">
              <value>
                <![CDATA[false]]>
              </value>
            </param>
            <param index="1">
              <value>
                <![CDATA[browserstack]]>
              </value>
            </param>
            <param index="2">
              <value>
                <![CDATA[windows]]>
              </value>
            </param>
            <param index="3">
              <value>
                <![CDATA[11]]>
              </value>
            </param>
            <param index="4">
              <value>
                <![CDATA[chrome]]>
              </value>
            </param>
            <param index="5">
              <value>
                <![CDATA[102]]>
              </value>
            </param>
            <param index="6">
              <value>
                <![CDATA[https://www.globalsqa.com/angularJs-protractor/BankingProject/#/login]]>
              </value>
            </param>
          </params>
          <reporter-output>
          </reporter-output>
        </test-method> <!-- setUp -->
        <test-method is-config="true" signature="startExtent(java.lang.reflect.Method)[pri:0, instance:globalsqatests.Logout@791d1f8b]" started-at="2022-06-18T16:19:08Z" name="startExtent" finished-at="2022-06-18T16:19:08Z" duration-ms="0" status="PASS">
          <params>
            <param index="0">
              <value>
                <![CDATA[public void globalsqatests.Logout.hermoineGrangerLogoutTest()]]>
              </value>
            </param>
          </params>
          <reporter-output>
          </reporter-output>
        </test-method> <!-- startExtent -->
        <test-method signature="hermoineGrangerLogoutTest()[pri:0, instance:globalsqatests.Logout@791d1f8b]" started-at="2022-06-18T16:19:08Z" name="hermoineGrangerLogoutTest" finished-at="2022-06-18T16:19:15Z" duration-ms="6907" status="PASS">
          <reporter-output>
          </reporter-output>
        </test-method> <!-- hermoineGrangerLogoutTest -->
        <test-method is-config="true" signature="afterEachTestMethod(org.testng.ITestResult)[pri:0, instance:globalsqatests.Logout@791d1f8b]" started-at="2022-06-18T16:19:15Z" name="afterEachTestMethod" finished-at="2022-06-18T16:19:17Z" duration-ms="1612" status="PASS">
          <params>
            <param index="0">
              <value>
                <![CDATA[[TestResult name=hermoineGrangerLogoutTest status=SUCCESS method=Logout.hermoineGrangerLogoutTest()[pri:0, instance:globalsqatests.Logout@791d1f8b] output={null}]]]>
              </value>
            </param>
          </params>
          <reporter-output>
          </reporter-output>
        </test-method> <!-- afterEachTestMethod -->
        <test-method is-config="true" signature="setUp(boolean, java.lang.String, java.lang.String, java.lang.String, java.lang.String, java.lang.String, java.lang.String)[pri:0, instance:globalsqatests.Logout@791d1f8b]" started-at="2022-06-18T16:19:17Z" name="setUp" finished-at="2022-06-18T16:19:20Z" duration-ms="3406" status="PASS">
          <params>
            <param index="0">
              <value>
                <![CDATA[false]]>
              </value>
            </param>
            <param index="1">
              <value>
                <![CDATA[browserstack]]>
              </value>
            </param>
            <param index="2">
              <value>
                <![CDATA[windows]]>
              </value>
            </param>
            <param index="3">
              <value>
                <![CDATA[11]]>
              </value>
            </param>
            <param index="4">
              <value>
                <![CDATA[chrome]]>
              </value>
            </param>
            <param index="5">
              <value>
                <![CDATA[102]]>
              </value>
            </param>
            <param index="6">
              <value>
                <![CDATA[https://www.globalsqa.com/angularJs-protractor/BankingProject/#/login]]>
              </value>
            </param>
          </params>
          <reporter-output>
          </reporter-output>
        </test-method> <!-- setUp -->
        <test-method is-config="true" signature="tearDown()[pri:0, instance:globalsqatests.Logout@791d1f8b]" started-at="2022-06-18T16:19:17Z" name="tearDown" finished-at="2022-06-18T16:19:17Z" duration-ms="0" status="PASS">
          <reporter-output>
          </reporter-output>
        </test-method> <!-- tearDown -->
        <test-method signature="nevilleLongbottomLogoutTest()[pri:0, instance:globalsqatests.Logout@791d1f8b]" started-at="2022-06-18T16:19:20Z" name="nevilleLongbottomLogoutTest" finished-at="2022-06-18T16:19:27Z" duration-ms="6937" status="PASS">
          <reporter-output>
          </reporter-output>
        </test-method> <!-- nevilleLongbottomLogoutTest -->
        <test-method is-config="true" signature="startExtent(java.lang.reflect.Method)[pri:0, instance:globalsqatests.Logout@791d1f8b]" started-at="2022-06-18T16:19:20Z" name="startExtent" finished-at="2022-06-18T16:19:20Z" duration-ms="0" status="PASS">
          <params>
            <param index="0">
              <value>
                <![CDATA[public void globalsqatests.Logout.nevilleLongbottomLogoutTest()]]>
              </value>
            </param>
          </params>
          <reporter-output>
          </reporter-output>
        </test-method> <!-- startExtent -->
        <test-method is-config="true" signature="afterEachTestMethod(org.testng.ITestResult)[pri:0, instance:globalsqatests.Logout@791d1f8b]" started-at="2022-06-18T16:19:27Z" name="afterEachTestMethod" finished-at="2022-06-18T16:19:28Z" duration-ms="1344" status="PASS">
          <params>
            <param index="0">
              <value>
                <![CDATA[[TestResult name=nevilleLongbottomLogoutTest status=SUCCESS method=Logout.nevilleLongbottomLogoutTest()[pri:0, instance:globalsqatests.Logout@791d1f8b] output={null}]]]>
              </value>
            </param>
          </params>
          <reporter-output>
          </reporter-output>
        </test-method> <!-- afterEachTestMethod -->
        <test-method is-config="true" signature="tearDown()[pri:0, instance:globalsqatests.Logout@791d1f8b]" started-at="2022-06-18T16:19:28Z" name="tearDown" finished-at="2022-06-18T16:19:28Z" duration-ms="0" status="PASS">
          <reporter-output>
          </reporter-output>
        </test-method> <!-- tearDown -->
        <test-method is-config="true" signature="setUp(boolean, java.lang.String, java.lang.String, java.lang.String, java.lang.String, java.lang.String, java.lang.String)[pri:0, instance:globalsqatests.Logout@791d1f8b]" started-at="2022-06-18T16:19:28Z" name="setUp" finished-at="2022-06-18T16:19:32Z" duration-ms="3536" status="PASS">
          <params>
            <param index="0">
              <value>
                <![CDATA[false]]>
              </value>
            </param>
            <param index="1">
              <value>
                <![CDATA[browserstack]]>
              </value>
            </param>
            <param index="2">
              <value>
                <![CDATA[windows]]>
              </value>
            </param>
            <param index="3">
              <value>
                <![CDATA[11]]>
              </value>
            </param>
            <param index="4">
              <value>
                <![CDATA[chrome]]>
              </value>
            </param>
            <param index="5">
              <value>
                <![CDATA[102]]>
              </value>
            </param>
            <param index="6">
              <value>
                <![CDATA[https://www.globalsqa.com/angularJs-protractor/BankingProject/#/login]]>
              </value>
            </param>
          </params>
          <reporter-output>
          </reporter-output>
        </test-method> <!-- setUp -->
        <test-method is-config="true" signature="startExtent(java.lang.reflect.Method)[pri:0, instance:globalsqatests.Logout@791d1f8b]" started-at="2022-06-18T16:19:32Z" name="startExtent" finished-at="2022-06-18T16:19:32Z" duration-ms="1" status="PASS">
          <params>
            <param index="0">
              <value>
                <![CDATA[public void globalsqatests.Logout.ronWeaslyLogoutTest()]]>
              </value>
            </param>
          </params>
          <reporter-output>
          </reporter-output>
        </test-method> <!-- startExtent -->
        <test-method signature="ronWeaslyLogoutTest()[pri:0, instance:globalsqatests.Logout@791d1f8b]" started-at="2022-06-18T16:19:32Z" name="ronWeaslyLogoutTest" finished-at="2022-06-18T16:19:39Z" duration-ms="7153" status="PASS">
          <reporter-output>
          </reporter-output>
        </test-method> <!-- ronWeaslyLogoutTest -->
        <test-method is-config="true" signature="afterEachTestMethod(org.testng.ITestResult)[pri:0, instance:globalsqatests.Logout@791d1f8b]" started-at="2022-06-18T16:19:39Z" name="afterEachTestMethod" finished-at="2022-06-18T16:19:41Z" duration-ms="1580" status="PASS">
          <params>
            <param index="0">
              <value>
                <![CDATA[[TestResult name=ronWeaslyLogoutTest status=SUCCESS method=Logout.ronWeaslyLogoutTest()[pri:0, instance:globalsqatests.Logout@791d1f8b] output={null}]]]>
              </value>
            </param>
          </params>
          <reporter-output>
          </reporter-output>
        </test-method> <!-- afterEachTestMethod -->
        <test-method is-config="true" signature="tearDown()[pri:0, instance:globalsqatests.Logout@791d1f8b]" started-at="2022-06-18T16:19:41Z" name="tearDown" finished-at="2022-06-18T16:19:41Z" duration-ms="0" status="PASS">
          <reporter-output>
          </reporter-output>
        </test-method> <!-- tearDown -->
      </class> <!-- globalsqatests.Logout -->
    </test> <!-- com.GlobalSQA Tests -->
  </suite> <!-- CRIP Automation Script -->
</testng-results>
