<?xml version="1.0" encoding="UTF-8"?>
<!-- Generated by org.testng.reporters.JUnitXMLReporter -->
<testsuite ignored="28" hostname="DESKTOP-DNJOJAA" failures="0" tests="17" name="com.GlobalSQA Tests" time="256.037" errors="0" timestamp="16 Jun 2022 07:29:18 GMT">
  <testcase classname="globalsqatests.DeleteButton" name="deleteCustomerTest" time="2.407"/>
  <testcase classname="globalsqatests.ResetButton" name="resetButtonTest" time="5.427"/>
  <testcase classname="globalsqatests.BackButton" name="backButtonTest" time="5.203"/>
  <testcase classname="globalsqatests.AccountNumberDropDown" name="accountNumberDropDownTest" time="3.983"/>
  <testcase classname="globalsqatests.TransactionsButton" name="transactionsButton" time="3.49"/>
  <testcase classname="globalsqatests.SearchCustomer" name="searchCustomerTest" time="2.089"/>
  <testcase classname="globalsqatests.AddCustomer" name="addCustomerTest" time="3.299"/>
  <testcase classname="globalsqatests.WithdrawlButton" name="withdrawlButtonTest" time="3.639"/>
  <testcase classname="globalsqatests.DepositButton" name="depositButtonTest" time="4.125"/>
  <testcase classname="globalsqatests.OpenAccount" name="openAccountTest" time="3.01"/>
  <testcase classname="globalsqatests.UserLogin" name="harryPotterLoginTest" time="2.298"/>
  <testcase classname="globalsqatests.UserLogin" name="ronWeaslyLoginTest" time="2.245"/>
  <testcase classname="globalsqatests.LogoutButton" name="logOutTest" time="8.154"/>
  <testcase classname="globalsqatests.HomeButton" name="bankManagerHomeButtonTest" time="1.508"/>
  <testcase classname="globalsqatests.HomeButton" name="customerHomeButtonTest" time="4.848"/>
  <testcase classname="globalsqatests.CustomerLoginButton" name="customerLoginButtonTest" time="3.772"/>
  <testcase classname="globalsqatests.BankManagerLoginButton" name="bankManagerLoginButtonTest" time="3.731"/>
  <testcase classname="base.CommonAPI" name="@BeforeSuite extentSetup" time="0.0">
    <ignored/>
  </testcase> <!-- @BeforeSuite extentSetup -->
  <testcase classname="base.CommonAPI" name="@BeforeSuite extentSetup" time="0.0">
    <ignored/>
  </testcase> <!-- @BeforeSuite extentSetup -->
  <testcase classname="base.CommonAPI" name="@BeforeSuite extentSetup" time="0.0">
    <ignored/>
  </testcase> <!-- @BeforeSuite extentSetup -->
  <testcase classname="base.CommonAPI" name="@BeforeSuite extentSetup" time="0.0">
    <ignored/>
  </testcase> <!-- @BeforeSuite extentSetup -->
  <testcase classname="base.CommonAPI" name="@BeforeSuite extentSetup" time="0.0">
    <ignored/>
  </testcase> <!-- @BeforeSuite extentSetup -->
  <testcase classname="base.CommonAPI" name="@BeforeSuite extentSetup" time="0.0">
    <ignored/>
  </testcase> <!-- @BeforeSuite extentSetup -->
  <testcase classname="base.CommonAPI" name="@BeforeSuite extentSetup" time="0.0">
    <ignored/>
  </testcase> <!-- @BeforeSuite extentSetup -->
  <testcase classname="base.CommonAPI" name="@BeforeSuite extentSetup" time="0.0">
    <ignored/>
  </testcase> <!-- @BeforeSuite extentSetup -->
  <testcase classname="base.CommonAPI" name="@BeforeSuite extentSetup" time="0.0">
    <ignored/>
  </testcase> <!-- @BeforeSuite extentSetup -->
  <testcase classname="base.CommonAPI" name="@BeforeSuite extentSetup" time="0.0">
    <ignored/>
  </testcase> <!-- @BeforeSuite extentSetup -->
  <testcase classname="base.CommonAPI" name="@BeforeSuite extentSetup" time="0.0">
    <ignored/>
  </testcase> <!-- @BeforeSuite extentSetup -->
  <testcase classname="base.CommonAPI" name="@BeforeSuite extentSetup" time="0.0">
    <ignored/>
  </testcase> <!-- @BeforeSuite extentSetup -->
  <testcase classname="base.CommonAPI" name="@BeforeSuite extentSetup" time="0.0">
    <ignored/>
  </testcase> <!-- @BeforeSuite extentSetup -->
  <testcase classname="base.CommonAPI" name="@BeforeSuite extentSetup" time="0.0">
    <ignored/>
  </testcase> <!-- @BeforeSuite extentSetup -->
  <testcase classname="base.CommonAPI" name="@AfterSuite generateReport" time="0.0">
    <ignored/>
  </testcase> <!-- @AfterSuite generateReport -->
  <testcase classname="base.CommonAPI" name="@AfterSuite generateReport" time="0.0">
    <ignored/>
  </testcase> <!-- @AfterSuite generateReport -->
  <testcase classname="base.CommonAPI" name="@AfterSuite generateReport" time="0.0">
    <ignored/>
  </testcase> <!-- @AfterSuite generateReport -->
  <testcase classname="base.CommonAPI" name="@AfterSuite generateReport" time="0.0">
    <ignored/>
  </testcase> <!-- @AfterSuite generateReport -->
  <testcase classname="base.CommonAPI" name="@AfterSuite generateReport" time="0.0">
    <ignored/>
  </testcase> <!-- @AfterSuite generateReport -->
  <testcase classname="base.CommonAPI" name="@AfterSuite generateReport" time="0.0">
    <ignored/>
  </testcase> <!-- @AfterSuite generateReport -->
  <testcase classname="base.CommonAPI" name="@AfterSuite generateReport" time="0.0">
    <ignored/>
  </testcase> <!-- @AfterSuite generateReport -->
  <testcase classname="base.CommonAPI" name="@AfterSuite generateReport" time="0.0">
    <ignored/>
  </testcase> <!-- @AfterSuite generateReport -->
  <testcase classname="base.CommonAPI" name="@AfterSuite generateReport" time="0.0">
    <ignored/>
  </testcase> <!-- @AfterSuite generateReport -->
  <testcase classname="base.CommonAPI" name="@AfterSuite generateReport" time="0.0">
    <ignored/>
  </testcase> <!-- @AfterSuite generateReport -->
  <testcase classname="base.CommonAPI" name="@AfterSuite generateReport" time="0.0">
    <ignored/>
  </testcase> <!-- @AfterSuite generateReport -->
  <testcase classname="base.CommonAPI" name="@AfterSuite generateReport" time="0.0">
    <ignored/>
  </testcase> <!-- @AfterSuite generateReport -->
  <testcase classname="base.CommonAPI" name="@AfterSuite generateReport" time="0.0">
    <ignored/>
  </testcase> <!-- @AfterSuite generateReport -->
  <testcase classname="base.CommonAPI" name="@AfterSuite generateReport" time="0.0">
    <ignored/>
  </testcase> <!-- @AfterSuite generateReport -->
</testsuite> <!-- com.GlobalSQA Tests -->
